#
# There is insufficient memory for the Java Runtime Environment to continue.
# Native memory allocation (mmap) failed to map 664797184 bytes for Failed to commit area from 0x0000000093d00000 to 0x00000000bb700000 of length 664797184.
# Possible reasons:
#   The system is out of physical RAM or swap space
#   The process is running with CompressedOops enabled, and the Java Heap may be blocking the growth of the native heap
# Possible solutions:
#   Reduce memory load on the system
#   Increase physical memory or swap space
#   Check if swap backing store is full
#   Decrease Java heap size (-Xmx/-Xms)
#   Decrease number of Java threads
#   Decrease Java thread stack sizes (-Xss)
#   Set larger code cache with -XX:ReservedCodeCacheSize=
#   JVM is running with Unscaled Compressed Oops mode in which the Java heap is
#     placed in the first 4GB address space. The Java Heap base address is the
#     maximum limit for the native heap growth. Please use -XX:HeapBaseMinAddress
#     to set the Java Heap base and to place the Java Heap above 4GB virtual address.
# This output file may be truncated or incomplete.
#
#  Out of Memory Error (./src/hotspot/os/windows/os_windows.cpp:3301), pid=15588, tid=20788
#
# JRE version: OpenJDK Runtime Environment (11.0.10) (build 11.0.10+0-b96-7249189)
# Java VM: OpenJDK 64-Bit Server VM (11.0.10+0-b96-7249189, mixed mode, tiered, compressed oops, g1 gc, windows-amd64)
# No core dump will be written. Minidumps are not enabled by default on client versions of Windows
#

---------------  S U M M A R Y ------------

Command Line: --add-opens=java.base/java.util=ALL-UNNAMED --add-opens=java.base/java.lang=ALL-UNNAMED --add-opens=java.base/java.lang.invoke=ALL-UNNAMED --add-opens=java.base/java.util=ALL-UNNAMED --add-opens=java.prefs/java.util.prefs=ALL-UNNAMED --add-opens=java.prefs/java.util.prefs=ALL-UNNAMED --add-opens=java.base/java.nio.charset=ALL-UNNAMED --add-opens=java.base/java.net=ALL-UNNAMED --add-opens=java.base/java.util.concurrent.atomic=ALL-UNNAMED -Xmx2048m -Dfile.encoding=UTF-8 -Duser.country=US -Duser.language=en -Duser.variant org.gradle.launcher.daemon.bootstrap.GradleDaemon 7.0.2

Host: Intel(R) Core(TM) i5-8250U CPU @ 1.60GHz, 8 cores, 7G,  Windows 10 , 64 bit Build 19041 (10.0.19041.1466)
Time: Sat Feb  5 19:29:10 2022 Nepal Standard Time elapsed time: 8902.670332 seconds (0d 2h 28m 22s)

---------------  T H R E A D  ---------------

Current thread (0x00000246fec1c000):  VMThread "VM Thread" [stack: 0x0000005b8fc00000,0x0000005b8fd00000] [id=20788]

Stack: [0x0000005b8fc00000,0x0000005b8fd00000]
[error occurred during error reporting (printing stack bounds), id 0xc0000005, EXCEPTION_ACCESS_VIOLATION (0xc0000005) at pc=0x00000246edad0f2d]

Native frames: (J=compiled Java code, j=interpreted, Vv=VM code, C=native code)
V  [jvm.dll+0x5ecfaa]
V  [jvm.dll+0x722bd5]
V  [jvm.dll+0x72412d]
V  [jvm.dll+0x724745]
V  [jvm.dll+0x7246fb]
V  [jvm.dll+0x5ec348]
V  [jvm.dll+0x5ecad8]
C  [ntdll.dll+0xa20cf]
C  [ntdll.dll+0x51454]
C  [ntdll.dll+0xa0bfe]
C  0x00000246edad0f2d

VM_Operation (0x0000005b930f9310): G1CollectForAllocation, mode: safepoint, requested by thread 0x000002468c370000


---------------  P R O C E S S  ---------------

Threads class SMR info:
_java_thread_list=0x000002469302b490, length=88, elements={
0x00000246e9fc9000, 0x00000246fec1e800, 0x00000246fec2a000, 0x00000246fec39800,
0x00000246fec3b800, 0x00000246fec3c800, 0x00000246fec3f800, 0x00000246fec42800,
0x00000246fec45800, 0x00000246ff727800, 0x00000246881c6000, 0x00000246878f1000,
0x00000246ff7e1800, 0x00000246882cd000, 0x00000246882cb800, 0x00000246882ca000,
0x00000246882c7800, 0x00000246882cc800, 0x00000246893d0000, 0x00000246893cb800,
0x00000246893d2000, 0x00000246893cc000, 0x00000246893cd800, 0x000002468b324800,
0x000002468b31f800, 0x000002468b321800, 0x000002468b31f000, 0x000002468b323000,
0x000002468b326000, 0x000002468cf6e800, 0x000002468cf75000, 0x000002468cf71800,
0x000002468cf74000, 0x000002468cf6d800, 0x000002468c372800, 0x000002468cf67000,
0x000002468cf6a800, 0x000002468cf69800, 0x000002468cf6b000, 0x000002468cf6c000,
0x000002468cf66800, 0x000002468cf72800, 0x000002468cf6d000, 0x000002468c368800,
0x000002468c366000, 0x000002468c365800, 0x000002468c368000, 0x000002468c36c000,
0x000002468c36a000, 0x000002468c369800, 0x000002468c36c800, 0x000002468c367000,
0x000002468c371800, 0x000002468c36e800, 0x000002468c36f000, 0x000002468c36d800,
0x000002468c374000, 0x000002468c370000, 0x000002468c371000, 0x000002468b320800,
0x000002468b328000, 0x000002468b322000, 0x000002468b328800, 0x000002468b329800,
0x000002468b324000, 0x000002468b32c000, 0x000002468b32b000, 0x000002468b32d000,
0x000002468b32a800, 0x000002468b32d800, 0x00000246893d3800, 0x00000246893d5000,
0x00000246893cf800, 0x00000246893d6800, 0x00000246893d9000, 0x00000246893da000,
0x000002468d008000, 0x000002468d00a800, 0x000002468d007000, 0x000002468d006000,
0x000002468d008800, 0x000002468d00d000, 0x000002468d00c000, 0x00000246882ce000,
0x00000246882c8000, 0x00000246882c9000, 0x00000246882ca800, 0x0000024695e12800
}

Java Threads: ( => current thread )
  0x00000246e9fc9000 JavaThread "main" [_thread_blocked, id=1260, stack(0x0000005b8f600000,0x0000005b8f700000)]
  0x00000246fec1e800 JavaThread "Reference Handler" daemon [_thread_blocked, id=1440, stack(0x0000005b8fd00000,0x0000005b8fe00000)]
  0x00000246fec2a000 JavaThread "Finalizer" daemon [_thread_blocked, id=18180, stack(0x0000005b8fe00000,0x0000005b8ff00000)]
  0x00000246fec39800 JavaThread "Signal Dispatcher" daemon [_thread_blocked, id=9720, stack(0x0000005b8ff00000,0x0000005b90000000)]
  0x00000246fec3b800 JavaThread "Attach Listener" daemon [_thread_blocked, id=4548, stack(0x0000005b90000000,0x0000005b90100000)]
  0x00000246fec3c800 JavaThread "Service Thread" daemon [_thread_blocked, id=14392, stack(0x0000005b90100000,0x0000005b90200000)]
  0x00000246fec3f800 JavaThread "C2 CompilerThread0" daemon [_thread_blocked, id=1212, stack(0x0000005b90200000,0x0000005b90300000)]
  0x00000246fec42800 JavaThread "C1 CompilerThread0" daemon [_thread_blocked, id=21368, stack(0x0000005b90300000,0x0000005b90400000)]
  0x00000246fec45800 JavaThread "Sweeper thread" daemon [_thread_blocked, id=20028, stack(0x0000005b90400000,0x0000005b90500000)]
  0x00000246ff727800 JavaThread "Common-Cleaner" daemon [_thread_blocked, id=22180, stack(0x0000005b90500000,0x0000005b90600000)]
  0x00000246881c6000 JavaThread "Daemon health stats" [_thread_blocked, id=936, stack(0x0000005b90a00000,0x0000005b90b00000)]
  0x00000246878f1000 JavaThread "Incoming local TCP Connector on port 63586" [_thread_in_native, id=9120, stack(0x0000005b90700000,0x0000005b90800000)]
  0x00000246ff7e1800 JavaThread "Daemon periodic checks" [_thread_blocked, id=3124, stack(0x0000005b90b00000,0x0000005b90c00000)]
  0x00000246882cd000 JavaThread "Cache worker for file hash cache (C:\Users\user\.gradle\caches\7.0.2\fileHashes)" [_thread_blocked, id=2888, stack(0x0000005b91900000,0x0000005b91a00000)]
  0x00000246882cb800 JavaThread "File lock request listener" [_thread_in_native, id=3148, stack(0x0000005b91a00000,0x0000005b91b00000)]
  0x00000246882ca000 JavaThread "Cache worker for journal cache (C:\Users\user\.gradle\caches\journal-1)" [_thread_blocked, id=21592, stack(0x0000005b91c00000,0x0000005b91d00000)]
  0x00000246882c7800 JavaThread "File watcher server" daemon [_thread_blocked, id=3604, stack(0x0000005b91e00000,0x0000005b91f00000)]
  0x00000246882cc800 JavaThread "File watcher consumer" daemon [_thread_blocked, id=12912, stack(0x0000005b91f00000,0x0000005b92000000)]
  0x00000246893d0000 JavaThread "Cache worker for execution history cache (C:\Users\user\.gradle\caches\7.0.2\executionHistory)" [_thread_blocked, id=21692, stack(0x0000005b92300000,0x0000005b92400000)]
  0x00000246893cb800 JavaThread "jar transforms" [_thread_blocked, id=12368, stack(0x0000005b92400000,0x0000005b92500000)]
  0x00000246893d2000 JavaThread "jar transforms Thread 2" [_thread_blocked, id=1296, stack(0x0000005b92500000,0x0000005b92600000)]
  0x00000246893cc000 JavaThread "Cache worker for file content cache (C:\Users\user\.gradle\caches\7.0.2\fileContent)" [_thread_blocked, id=12600, stack(0x0000005b92600000,0x0000005b92700000)]
  0x00000246893cd800 JavaThread "jar transforms Thread 3" [_thread_blocked, id=15584, stack(0x0000005b92800000,0x0000005b92900000)]
  0x000002468b324800 JavaThread "jar transforms Thread 4" [_thread_blocked, id=21036, stack(0x0000005b93200000,0x0000005b93300000)]
  0x000002468b31f800 JavaThread "jar transforms Thread 5" [_thread_blocked, id=20744, stack(0x0000005b93300000,0x0000005b93400000)]
  0x000002468b321800 JavaThread "jar transforms Thread 6" [_thread_blocked, id=18776, stack(0x0000005b93400000,0x0000005b93500000)]
  0x000002468b31f000 JavaThread "jar transforms Thread 7" [_thread_blocked, id=15528, stack(0x0000005b93500000,0x0000005b93600000)]
  0x000002468b323000 JavaThread "jar transforms Thread 8" [_thread_blocked, id=11920, stack(0x0000005b93600000,0x0000005b93700000)]
  0x000002468b326000 JavaThread "Memory manager" [_thread_blocked, id=22924, stack(0x0000005b93700000,0x0000005b93800000)]
  0x000002468cf6e800 JavaThread "RMI Scheduler(0)" daemon [_thread_blocked, id=22344, stack(0x0000005b90e00000,0x0000005b90f00000)]
  0x000002468cf75000 JavaThread "RMI GC Daemon" daemon [_thread_blocked, id=16416, stack(0x0000005b94600000,0x0000005b94700000)]
  0x000002468cf71800 JavaThread "RMI TCP Accept-0" daemon [_thread_in_native, id=4424, stack(0x0000005b94900000,0x0000005b94a00000)]
  0x000002468cf74000 JavaThread "RMI Reaper" [_thread_blocked, id=15140, stack(0x0000005b95800000,0x0000005b95900000)]
  0x000002468cf6d800 JavaThread "Cache worker for Java compile cache (C:\Users\user\.gradle\caches\7.0.2\javaCompile)" [_thread_blocked, id=7460, stack(0x0000005b95200000,0x0000005b95300000)]
  0x000002468c372800 JavaThread "ForkJoinPool.commonPool-worker-5" daemon [_thread_blocked, id=13652, stack(0x0000005b95a00000,0x0000005b95b00000)]
  0x000002468cf67000 JavaThread "Daemon Thread 12" [_thread_blocked, id=7172, stack(0x0000005b8f300000,0x0000005b8f400000)]
  0x000002468cf6a800 JavaThread "Handler for socket connection from /127.0.0.1:63586 to /127.0.0.1:50238" [_thread_in_native, id=19628, stack(0x0000005b8f400000,0x0000005b8f500000)]
  0x000002468cf69800 JavaThread "Cancel handler" [_thread_blocked, id=15884, stack(0x0000005b8f500000,0x0000005b8f600000)]
  0x000002468cf6b000 JavaThread "Daemon worker Thread 12" [_thread_blocked, id=16784, stack(0x0000005b90c00000,0x0000005b90d00000)]
  0x000002468cf6c000 JavaThread "Asynchronous log dispatcher for DefaultDaemonConnection: socket connection from /127.0.0.1:63586 to /127.0.0.1:50238" [_thread_blocked, id=12784, stack(0x0000005b90d00000,0x0000005b90e00000)]
  0x000002468cf66800 JavaThread "Stdin handler" [_thread_blocked, id=18968, stack(0x0000005b90f00000,0x0000005b91000000)]
  0x000002468cf72800 JavaThread "Daemon client event forwarder" [_thread_blocked, id=10012, stack(0x0000005b91000000,0x0000005b91100000)]
  0x000002468cf6d000 JavaThread "Cache worker for file hash cache (C:\Users\user\AndroidStudioProjects\SahayatriBookingSewa\.gradle\7.0.2\fileHashes)" [_thread_blocked, id=8624, stack(0x0000005b91100000,0x0000005b91200000)]
  0x000002468c368800 JavaThread "Cache worker for checksums cache (C:\Users\user\AndroidStudioProjects\SahayatriBookingSewa\.gradle\checksums)" [_thread_blocked, id=9436, stack(0x0000005b91200000,0x0000005b91300000)]
  0x000002468c366000 JavaThread "Cache worker for cache directory md-supplier (C:\Users\user\.gradle\caches\7.0.2\md-supplier)" [_thread_blocked, id=21836, stack(0x0000005b91300000,0x0000005b91400000)]
  0x000002468c365800 JavaThread "Cache worker for cache directory md-rule (C:\Users\user\.gradle\caches\7.0.2\md-rule)" [_thread_blocked, id=21848, stack(0x0000005b91d00000,0x0000005b91e00000)]
  0x000002468c368000 JavaThread "Cache worker for dependencies-accessors (C:\Users\user\AndroidStudioProjects\SahayatriBookingSewa\.gradle\7.0.2\dependencies-accessors)" [_thread_blocked, id=23188, stack(0x0000005b92000000,0x0000005b92100000)]
  0x000002468c36c000 JavaThread "Cache worker for Build Output Cleanup Cache (C:\Users\user\AndroidStudioProjects\SahayatriBookingSewa\.gradle\buildOutputCleanup)" [_thread_blocked, id=14568, stack(0x0000005b92100000,0x0000005b92200000)]
  0x000002468c36a000 JavaThread "Build operations" [_thread_blocked, id=11744, stack(0x0000005b92200000,0x0000005b92300000)]
  0x000002468c369800 JavaThread "Build operations Thread 2" [_thread_blocked, id=17768, stack(0x0000005b92700000,0x0000005b92800000)]
  0x000002468c36c800 JavaThread "Build operations Thread 3" [_thread_blocked, id=4792, stack(0x0000005b92900000,0x0000005b92a00000)]
  0x000002468c367000 JavaThread "Build operations Thread 4" [_thread_blocked, id=6176, stack(0x0000005b92a00000,0x0000005b92b00000)]
  0x000002468c371800 JavaThread "Build operations Thread 5" [_thread_blocked, id=9156, stack(0x0000005b92b00000,0x0000005b92c00000)]
  0x000002468c36e800 JavaThread "Build operations Thread 6" [_thread_blocked, id=12652, stack(0x0000005b92c00000,0x0000005b92d00000)]
  0x000002468c36f000 JavaThread "Build operations Thread 7" [_thread_blocked, id=19408, stack(0x0000005b92d00000,0x0000005b92e00000)]
  0x000002468c36d800 JavaThread "Build operations Thread 8" [_thread_blocked, id=3460, stack(0x0000005b92e00000,0x0000005b92f00000)]
  0x000002468c374000 JavaThread "build event listener" [_thread_blocked, id=20468, stack(0x0000005b92f00000,0x0000005b93000000)]
  0x000002468c370000 JavaThread "Execution worker for ':'" [_thread_blocked, id=1208, stack(0x0000005b93000000,0x0000005b93100000)]
  0x000002468c371000 JavaThread "Execution worker for ':' Thread 2" [_thread_blocked, id=16776, stack(0x0000005b93100000,0x0000005b93200000)]
  0x000002468b320800 JavaThread "Execution worker for ':' Thread 3" [_thread_blocked, id=16488, stack(0x0000005b93800000,0x0000005b93900000)]
  0x000002468b328000 JavaThread "Execution worker for ':' Thread 4" [_thread_blocked, id=15656, stack(0x0000005b93900000,0x0000005b93a00000)]
  0x000002468b322000 JavaThread "Execution worker for ':' Thread 5" [_thread_blocked, id=21388, stack(0x0000005b93a00000,0x0000005b93b00000)]
  0x000002468b328800 JavaThread "Execution worker for ':' Thread 6" [_thread_blocked, id=11028, stack(0x0000005b93b00000,0x0000005b93c00000)]
  0x000002468b329800 JavaThread "Execution worker for ':' Thread 7" [_thread_blocked, id=9124, stack(0x0000005b93c00000,0x0000005b93d00000)]
  0x000002468b324000 JavaThread "Cache worker for execution history cache (C:\Users\user\AndroidStudioProjects\SahayatriBookingSewa\.gradle\7.0.2\executionHistory)" [_thread_blocked, id=23376, stack(0x0000005b93d00000,0x0000005b93e00000)]
  0x000002468b32c000 JavaThread "RMI TCP Connection(76)-127.0.0.1" daemon [_thread_in_native, id=23296, stack(0x0000005b93f00000,0x0000005b94000000)]
  0x000002468b32b000 JavaThread "RMI TCP Connection(idle)" daemon [_thread_blocked, id=2584, stack(0x0000005b94000000,0x0000005b94100000)]
  0x000002468b32d000 JavaThread "WorkerExecutor Queue" [_thread_blocked, id=7588, stack(0x0000005b93e00000,0x0000005b93f00000)]
  0x000002468b32a800 JavaThread "WorkerExecutor Queue Thread 2" [_thread_blocked, id=9888, stack(0x0000005b94100000,0x0000005b94200000)]
  0x000002468b32d800 JavaThread "WorkerExecutor Queue Thread 3" [_thread_blocked, id=19832, stack(0x0000005b94200000,0x0000005b94300000)]
  0x00000246893d3800 JavaThread "WorkerExecutor Queue Thread 4" [_thread_blocked, id=7820, stack(0x0000005b94300000,0x0000005b94400000)]
  0x00000246893d5000 JavaThread "WorkerExecutor Queue Thread 5" [_thread_blocked, id=4552, stack(0x0000005b94400000,0x0000005b94500000)]
  0x00000246893cf800 JavaThread "pool-44-thread-1" [_thread_blocked, id=20156, stack(0x0000005b94500000,0x0000005b94600000)]
  0x00000246893d6800 JavaThread "stderr" [_thread_in_native, id=8096, stack(0x0000005b94700000,0x0000005b94800000)]
  0x00000246893d9000 JavaThread "stdout" [_thread_in_native, id=10956, stack(0x0000005b94800000,0x0000005b94900000)]
  0x00000246893da000 JavaThread "WorkerExecutor Queue Thread 6" [_thread_blocked, id=2948, stack(0x0000005b94a00000,0x0000005b94b00000)]
  0x000002468d008000 JavaThread "C2 CompilerThread1" daemon [_thread_in_native, id=20100, stack(0x0000005b94b00000,0x0000005b94c00000)]
  0x000002468d00a800 JavaThread "WorkerExecutor Queue Thread 7" [_thread_blocked, id=17376, stack(0x0000005b94c00000,0x0000005b94d00000)]
  0x000002468d007000 JavaThread "WorkerExecutor Queue Thread 8" [_thread_blocked, id=7440, stack(0x0000005b94d00000,0x0000005b94e00000)]
  0x000002468d006000 JavaThread "WorkerExecutor Queue Thread 9" [_thread_blocked, id=7732, stack(0x0000005b94e00000,0x0000005b94f00000)]
  0x000002468d008800 JavaThread "ForkJoinPool-2-worker-3" daemon [_thread_blocked, id=23056, stack(0x0000005b94f00000,0x0000005b95000000)]
  0x000002468d00d000 JavaThread "ForkJoinPool-2-worker-5" daemon [_thread_blocked, id=17132, stack(0x0000005b95000000,0x0000005b95100000)]
  0x000002468d00c000 JavaThread "ForkJoinPool-2-worker-7" daemon [_thread_blocked, id=17588, stack(0x0000005b95100000,0x0000005b95200000)]
  0x00000246882ce000 JavaThread "ForkJoinPool-2-worker-9" daemon [_thread_blocked, id=16032, stack(0x0000005b95300000,0x0000005b95400000)]
  0x00000246882c8000 JavaThread "ForkJoinPool-2-worker-11" daemon [_thread_blocked, id=20548, stack(0x0000005b95400000,0x0000005b95500000)]
  0x00000246882c9000 JavaThread "ForkJoinPool-2-worker-13" daemon [_thread_blocked, id=10748, stack(0x0000005b95900000,0x0000005b95a00000)]
  0x00000246882ca800 JavaThread "ForkJoinPool-2-worker-15" daemon [_thread_blocked, id=21984, stack(0x0000005b95b00000,0x0000005b95c00000)]
  0x0000024695e12800 JavaThread "ForkJoinPool-2-worker-1" daemon [_thread_blocked, id=10732, stack(0x0000005b95c00000,0x0000005b95d00000)]

Other Threads:
=>0x00000246fec1c000 VMThread "VM Thread" [stack: 0x0000005b8fc00000,0x0000005b8fd00000] [id=20788]
  0x00000246ff738800 WatcherThread [stack: 0x0000005b90600000,0x0000005b90700000] [id=22364]
  0x00000246e9fe3800 GCTaskThread "GC Thread#0" [stack: 0x0000005b8f700000,0x0000005b8f800000] [id=15896]
  0x00000246867cc000 GCTaskThread "GC Thread#1" [stack: 0x0000005b90800000,0x0000005b90900000] [id=7704]
  0x00000246867ab800 GCTaskThread "GC Thread#2" [stack: 0x0000005b90900000,0x0000005b90a00000] [id=13096]
  0x0000024686a8e800 GCTaskThread "GC Thread#3" [stack: 0x0000005b91400000,0x0000005b91500000] [id=3472]
  0x0000024687ea2800 GCTaskThread "GC Thread#4" [stack: 0x0000005b91500000,0x0000005b91600000] [id=19488]
  0x0000024687ea3800 GCTaskThread "GC Thread#5" [stack: 0x0000005b91600000,0x0000005b91700000] [id=10868]
  0x0000024687c7a800 GCTaskThread "GC Thread#6" [stack: 0x0000005b91700000,0x0000005b91800000] [id=2612]
  0x0000024687c7b000 GCTaskThread "GC Thread#7" [stack: 0x0000005b91800000,0x0000005b91900000] [id=23288]
  0x00000246ea013800 ConcurrentGCThread "G1 Main Marker" [stack: 0x0000005b8f800000,0x0000005b8f900000] [id=20972]
  0x00000246ea016000 ConcurrentGCThread "G1 Conc#0" [stack: 0x0000005b8f900000,0x0000005b8fa00000] [id=8664]
  0x0000024687cf2000 ConcurrentGCThread "G1 Conc#1" [stack: 0x0000005b91b00000,0x0000005b91c00000] [id=2624]
  0x00000246ea0a6800 ConcurrentGCThread "G1 Refine#0" [stack: 0x0000005b8fa00000,0x0000005b8fb00000] [id=1740]
  0x0000024688094800 ConcurrentGCThread "G1 Refine#1" [stack: 0x0000005b95500000,0x0000005b95600000] [id=14532]
  0x000002468f368800 ConcurrentGCThread "G1 Refine#2" [stack: 0x0000005b95600000,0x0000005b95700000] [id=10996]
  0x000002468ca28000 ConcurrentGCThread "G1 Refine#3" [stack: 0x0000005b95700000,0x0000005b95800000] [id=16452]
  0x00000246fea70800 ConcurrentGCThread "G1 Young RemSet Sampling" [stack: 0x0000005b8fb00000,0x0000005b8fc00000] [id=4776]

Threads with active compile tasks:
C2 CompilerThread08902742 34237       4       com.android.tools.r8.internal.Le::a (3140 bytes)
C2 CompilerThread18902742 34246       4       com.android.tools.r8.internal.Me::c (1174 bytes)

VM state:at safepoint (normal execution)

VM Mutex/Monitor currently owned by a thread:  ([mutex/lock_event])
[0x00000246e9fc50d0] Threads_lock - owner thread: 0x00000246fec1c000
[0x00000246e9fc63f0] Heap_lock - owner thread: 0x000002468c370000

Heap address: 0x0000000080000000, size: 2048 MB, Compressed Oops mode: 32-bit
Narrow klass base: 0x0000000000000000, Narrow klass shift: 3
Compressed class space size: 1073741824 Address: 0x0000000100000000

Heap:
 garbage-first heap   total 973824K, used 145514K [0x0000000080000000, 0x0000000100000000)
  region size 1024K, 14 young (14336K), 14 survivors (14336K)
 Metaspace       used 138513K, capacity 142872K, committed 145024K, reserved 1175552K
  class space    used 16817K, capacity 18390K, committed 18560K, reserved 1048576K
Heap Regions: E=young(eden), S=young(survivor), O=old, HS=humongous(starts), HC=humongous(continues), CS=collection set, F=free, A=archive, TAMS=top-at-mark-start (previous, next)
|   0|0x0000000080000000, 0x0000000080100000, 0x0000000080100000|100%| O|  |TAMS 0x0000000080100000, 0x0000000080000000| Untracked 
|   1|0x0000000080100000, 0x0000000080200000, 0x0000000080200000|100%| O|  |TAMS 0x0000000080200000, 0x0000000080100000| Untracked 
|   2|0x0000000080200000, 0x00000000802fffc8, 0x0000000080300000| 99%| O|  |TAMS 0x00000000802fffc8, 0x0000000080200000| Untracked 
|   3|0x0000000080300000, 0x0000000080400000, 0x0000000080400000|100%|HS|  |TAMS 0x0000000080400000, 0x0000000080300000| Complete 
|   4|0x0000000080400000, 0x0000000080500000, 0x0000000080500000|100%|HC|  |TAMS 0x0000000080500000, 0x0000000080400000| Complete 
|   5|0x0000000080500000, 0x0000000080600000, 0x0000000080600000|100%|HC|  |TAMS 0x0000000080600000, 0x0000000080500000| Complete 
|   6|0x0000000080600000, 0x00000000806fffb8, 0x0000000080700000| 99%| O|  |TAMS 0x00000000806fffb8, 0x0000000080600000| Untracked 
|   7|0x0000000080700000, 0x00000000807ffff8, 0x0000000080800000| 99%| O|  |TAMS 0x00000000807ffff8, 0x0000000080700000| Untracked 
|   8|0x0000000080800000, 0x00000000808ffff8, 0x0000000080900000| 99%| O|  |TAMS 0x00000000808ffff8, 0x0000000080800000| Untracked 
|   9|0x0000000080900000, 0x00000000809ffe60, 0x0000000080a00000| 99%| O|  |TAMS 0x00000000809ffe60, 0x0000000080900000| Untracked 
|  10|0x0000000080a00000, 0x0000000080afc2d0, 0x0000000080b00000| 98%| O|  |TAMS 0x0000000080afc2d0, 0x0000000080a00000| Untracked 
|  11|0x0000000080b00000, 0x0000000080bfbdd0, 0x0000000080c00000| 98%| O|  |TAMS 0x0000000080bfbdd0, 0x0000000080b00000| Untracked 
|  12|0x0000000080c00000, 0x0000000080d00000, 0x0000000080d00000|100%| O|  |TAMS 0x0000000080d00000, 0x0000000080c00000| Untracked 
|  13|0x0000000080d00000, 0x0000000080dffff8, 0x0000000080e00000| 99%| O|  |TAMS 0x0000000080dffff8, 0x0000000080d00000| Untracked 
|  14|0x0000000080e00000, 0x0000000080efffe0, 0x0000000080f00000| 99%| O|  |TAMS 0x0000000080efffe0, 0x0000000080e00000| Untracked 
|  15|0x0000000080f00000, 0x0000000080ffffd8, 0x0000000081000000| 99%| O|  |TAMS 0x0000000080ffffd8, 0x0000000080f00000| Untracked 
|  16|0x0000000081000000, 0x0000000081100000, 0x0000000081100000|100%|HS|  |TAMS 0x0000000081100000, 0x0000000081000000| Complete 
|  17|0x0000000081100000, 0x00000000811ffff8, 0x0000000081200000| 99%| O|  |TAMS 0x00000000811ffff8, 0x0000000081100000| Untracked 
|  18|0x0000000081200000, 0x00000000812fffe8, 0x0000000081300000| 99%| O|  |TAMS 0x00000000812fffe8, 0x0000000081200000| Complete 
|  19|0x0000000081300000, 0x00000000813ffff0, 0x0000000081400000| 99%| O|  |TAMS 0x00000000813ffff0, 0x0000000081300000| Untracked 
|  20|0x0000000081400000, 0x00000000814ffff0, 0x0000000081500000| 99%| O|  |TAMS 0x00000000814ffff0, 0x0000000081400000| Untracked 
|  21|0x0000000081500000, 0x0000000081600000, 0x0000000081600000|100%| O|  |TAMS 0x0000000081600000, 0x0000000081500000| Complete 
|  22|0x0000000081600000, 0x00000000816fffd0, 0x0000000081700000| 99%| O|  |TAMS 0x00000000816fffd0, 0x0000000081600000| Complete 
|  23|0x0000000081700000, 0x00000000817ffff8, 0x0000000081800000| 99%| O|  |TAMS 0x00000000817ffff8, 0x0000000081700000| Untracked 
|  24|0x0000000081800000, 0x00000000818ffff0, 0x0000000081900000| 99%| O|  |TAMS 0x00000000818ffff0, 0x0000000081800000| Untracked 
|  25|0x0000000081900000, 0x00000000819eeb18, 0x0000000081a00000| 93%| O|  |TAMS 0x00000000819eeb18, 0x0000000081900000| Complete 
|  26|0x0000000081a00000, 0x0000000081b00000, 0x0000000081b00000|100%| O|  |TAMS 0x0000000081b00000, 0x0000000081a00000| Untracked 
|  27|0x0000000081b00000, 0x0000000081c00000, 0x0000000081c00000|100%|HS|  |TAMS 0x0000000081c00000, 0x0000000081b00000| Complete 
|  28|0x0000000081c00000, 0x0000000081d00000, 0x0000000081d00000|100%|HS|  |TAMS 0x0000000081d00000, 0x0000000081c00000| Complete 
|  29|0x0000000081d00000, 0x0000000081e00000, 0x0000000081e00000|100%|HS|  |TAMS 0x0000000081e00000, 0x0000000081d00000| Complete 
|  30|0x0000000081e00000, 0x0000000081f00000, 0x0000000081f00000|100%|HC|  |TAMS 0x0000000081f00000, 0x0000000081e00000| Complete 
|  31|0x0000000081f00000, 0x0000000082000000, 0x0000000082000000|100%|HC|  |TAMS 0x0000000082000000, 0x0000000081f00000| Complete 
|  32|0x0000000082000000, 0x0000000082100000, 0x0000000082100000|100%|HS|  |TAMS 0x0000000082100000, 0x0000000082000000| Complete 
|  33|0x0000000082100000, 0x0000000082200000, 0x0000000082200000|100%|HC|  |TAMS 0x0000000082200000, 0x0000000082100000| Complete 
|  34|0x0000000082200000, 0x00000000822fffb8, 0x0000000082300000| 99%| O|  |TAMS 0x00000000822fffb8, 0x0000000082200000| Untracked 
|  35|0x0000000082300000, 0x00000000823ffa38, 0x0000000082400000| 99%| O|  |TAMS 0x00000000823ffa38, 0x0000000082300000| Untracked 
|  36|0x0000000082400000, 0x0000000082500000, 0x0000000082500000|100%| O|  |TAMS 0x0000000082500000, 0x0000000082400000| Complete 
|  37|0x0000000082500000, 0x00000000825fffb0, 0x0000000082600000| 99%| O|  |TAMS 0x00000000825fffb0, 0x0000000082500000| Untracked 
|  38|0x0000000082600000, 0x00000000826ffff0, 0x0000000082700000| 99%| O|  |TAMS 0x00000000826ffff0, 0x0000000082600000| Untracked 
|  39|0x0000000082700000, 0x0000000082800000, 0x0000000082800000|100%| O|  |TAMS 0x0000000082800000, 0x0000000082700000| Untracked 
|  40|0x0000000082800000, 0x00000000828ffff8, 0x0000000082900000| 99%| O|  |TAMS 0x00000000828ffff8, 0x0000000082800000| Untracked 
|  41|0x0000000082900000, 0x0000000082a00000, 0x0000000082a00000|100%| O|  |TAMS 0x0000000082a00000, 0x0000000082900000| Untracked 
|  42|0x0000000082a00000, 0x0000000082aff0e0, 0x0000000082b00000| 99%| O|  |TAMS 0x0000000082aff0e0, 0x0000000082a00000| Untracked 
|  43|0x0000000082b00000, 0x0000000082bfffe8, 0x0000000082c00000| 99%| O|  |TAMS 0x0000000082bfffe8, 0x0000000082b00000| Complete 
|  44|0x0000000082c00000, 0x0000000082cfffc0, 0x0000000082d00000| 99%| O|  |TAMS 0x0000000082cfffc0, 0x0000000082c00000| Complete 
|  45|0x0000000082d00000, 0x0000000082dfffe8, 0x0000000082e00000| 99%| O|  |TAMS 0x0000000082dfffe8, 0x0000000082d00000| Untracked 
|  46|0x0000000082e00000, 0x0000000082efffe8, 0x0000000082f00000| 99%| O|  |TAMS 0x0000000082efffe8, 0x0000000082e00000| Complete 
|  47|0x0000000082f00000, 0x0000000083000000, 0x0000000083000000|100%| O|  |TAMS 0x0000000083000000, 0x0000000082f00000| Complete 
|  48|0x0000000083000000, 0x00000000830fffe0, 0x0000000083100000| 99%| O|  |TAMS 0x00000000830fffe0, 0x0000000083000000| Complete 
|  49|0x0000000083100000, 0x00000000831fffe8, 0x0000000083200000| 99%| O|  |TAMS 0x00000000831fffe8, 0x0000000083100000| Complete 
|  50|0x0000000083200000, 0x00000000832fffe0, 0x0000000083300000| 99%| O|  |TAMS 0x00000000832fffe0, 0x0000000083200000| Complete 
|  51|0x0000000083300000, 0x00000000833ffff0, 0x0000000083400000| 99%| O|  |TAMS 0x00000000833ffff0, 0x0000000083300000| Complete 
|  52|0x0000000083400000, 0x00000000834ffc78, 0x0000000083500000| 99%| O|  |TAMS 0x00000000834ffc78, 0x0000000083400000| Complete 
|  53|0x0000000083500000, 0x00000000835fffe8, 0x0000000083600000| 99%| O|  |TAMS 0x00000000835fffe8, 0x0000000083500000| Complete 
|  54|0x0000000083600000, 0x00000000836fffd0, 0x0000000083700000| 99%| O|  |TAMS 0x00000000836fffd0, 0x0000000083600000| Complete 
|  55|0x0000000083700000, 0x00000000837fffe0, 0x0000000083800000| 99%| O|  |TAMS 0x00000000837fffe0, 0x0000000083700000| Complete 
|  56|0x0000000083800000, 0x00000000838ffff0, 0x0000000083900000| 99%| O|  |TAMS 0x00000000838ffff0, 0x0000000083800000| Complete 
|  57|0x0000000083900000, 0x00000000839fffd8, 0x0000000083a00000| 99%| O|  |TAMS 0x00000000839fffd8, 0x0000000083900000| Complete 
|  58|0x0000000083a00000, 0x0000000083b00000, 0x0000000083b00000|100%| O|  |TAMS 0x0000000083b00000, 0x0000000083a00000| Complete 
|  59|0x0000000083b00000, 0x0000000083bffff8, 0x0000000083c00000| 99%| O|  |TAMS 0x0000000083bffff8, 0x0000000083b00000| Untracked 
|  60|0x0000000083c00000, 0x0000000083d00000, 0x0000000083d00000|100%| O|  |TAMS 0x0000000083d00000, 0x0000000083c00000| Untracked 
|  61|0x0000000083d00000, 0x0000000083dffff8, 0x0000000083e00000| 99%| O|  |TAMS 0x0000000083dffff8, 0x0000000083d00000| Complete 
|  62|0x0000000083e00000, 0x0000000083effff0, 0x0000000083f00000| 99%| O|  |TAMS 0x0000000083effff0, 0x0000000083e00000| Untracked 
|  63|0x0000000083f00000, 0x0000000084000000, 0x0000000084000000|100%| O|  |TAMS 0x0000000084000000, 0x0000000083f00000| Untracked 
|  64|0x0000000084000000, 0x00000000840ffff0, 0x0000000084100000| 99%| O|  |TAMS 0x00000000840ffff0, 0x0000000084000000| Untracked 
|  65|0x0000000084100000, 0x00000000841fffe8, 0x0000000084200000| 99%| O|  |TAMS 0x00000000841fffe8, 0x0000000084100000| Untracked 
|  66|0x0000000084200000, 0x00000000842ffff0, 0x0000000084300000| 99%| O|  |TAMS 0x00000000842ffff0, 0x0000000084200000| Untracked 
|  67|0x0000000084300000, 0x00000000843fffc8, 0x0000000084400000| 99%| O|  |TAMS 0x00000000843fffc8, 0x0000000084300000| Untracked 
|  68|0x0000000084400000, 0x00000000844fff40, 0x0000000084500000| 99%| O|  |TAMS 0x00000000844fff40, 0x0000000084400000| Untracked 
|  69|0x0000000084500000, 0x00000000845fffd0, 0x0000000084600000| 99%| O|  |TAMS 0x00000000845fffd0, 0x0000000084500000| Untracked 
|  70|0x0000000084600000, 0x00000000846fffe8, 0x0000000084700000| 99%| O|  |TAMS 0x00000000846fffe8, 0x0000000084600000| Untracked 
|  71|0x0000000084700000, 0x00000000847fffe0, 0x0000000084800000| 99%| O|  |TAMS 0x00000000847fffe0, 0x0000000084700000| Untracked 
|  72|0x0000000084800000, 0x00000000848fffa8, 0x0000000084900000| 99%| O|  |TAMS 0x00000000848fffa8, 0x0000000084800000| Untracked 
|  73|0x0000000084900000, 0x00000000849fffe8, 0x0000000084a00000| 99%| O|  |TAMS 0x00000000849fffe8, 0x0000000084900000| Untracked 
|  74|0x0000000084a00000, 0x0000000084afffe0, 0x0000000084b00000| 99%| O|  |TAMS 0x0000000084afffe0, 0x0000000084a00000| Untracked 
|  75|0x0000000084b00000, 0x0000000084c00000, 0x0000000084c00000|100%| O|  |TAMS 0x0000000084c00000, 0x0000000084b00000| Untracked 
|  76|0x0000000084c00000, 0x0000000084cdbeb0, 0x0000000084d00000| 85%| O|  |TAMS 0x0000000084cdbeb0, 0x0000000084c00000| Complete 
|  77|0x0000000084d00000, 0x0000000084dffff0, 0x0000000084e00000| 99%| O|  |TAMS 0x0000000084dffff0, 0x0000000084d00000| Untracked 
|  78|0x0000000084e00000, 0x0000000084e00000, 0x0000000084f00000|  0%| F|  |TAMS 0x0000000084e00000, 0x0000000084e00000| Untracked 
|  79|0x0000000084f00000, 0x0000000084fffff8, 0x0000000085000000| 99%| O|  |TAMS 0x0000000084fffff8, 0x0000000084f00000| Untracked 
|  80|0x0000000085000000, 0x0000000085100000, 0x0000000085100000|100%|HS|  |TAMS 0x0000000085000000, 0x0000000085000000| Complete 
|  81|0x0000000085100000, 0x000000008519c0e8, 0x0000000085200000| 60%| O|  |TAMS 0x000000008519c0e8, 0x0000000085100000| Complete 
|  82|0x0000000085200000, 0x0000000085300000, 0x0000000085300000|100%| O|  |TAMS 0x0000000085300000, 0x0000000085200000| Complete 
|  83|0x0000000085300000, 0x0000000085300000, 0x0000000085400000|  0%| F|  |TAMS 0x0000000085300000, 0x0000000085300000| Untracked 
|  84|0x0000000085400000, 0x0000000085400000, 0x0000000085500000|  0%| F|  |TAMS 0x0000000085400000, 0x0000000085400000| Untracked 
|  85|0x0000000085500000, 0x00000000855fffe0, 0x0000000085600000| 99%| O|  |TAMS 0x00000000855fffe0, 0x0000000085500000| Untracked 
|  86|0x0000000085600000, 0x00000000856ffff8, 0x0000000085700000| 99%| O|  |TAMS 0x00000000856ffff8, 0x0000000085600000| Untracked 
|  87|0x0000000085700000, 0x00000000857fffe0, 0x0000000085800000| 99%| O|  |TAMS 0x00000000857fffe0, 0x0000000085700000| Untracked 
|  88|0x0000000085800000, 0x00000000858fffd8, 0x0000000085900000| 99%| O|  |TAMS 0x00000000858fffd8, 0x0000000085800000| Complete 
|  89|0x0000000085900000, 0x0000000085a00000, 0x0000000085a00000|100%| O|  |TAMS 0x0000000085a00000, 0x0000000085900000| Untracked 
|  90|0x0000000085a00000, 0x0000000085b00000, 0x0000000085b00000|100%| O|  |TAMS 0x0000000085b00000, 0x0000000085a00000| Complete 
|  91|0x0000000085b00000, 0x0000000085b00000, 0x0000000085c00000|  0%| F|  |TAMS 0x0000000085b00000, 0x0000000085b00000| Untracked 
|  92|0x0000000085c00000, 0x0000000085cffff8, 0x0000000085d00000| 99%| O|  |TAMS 0x0000000085cffff8, 0x0000000085c00000| Untracked 
|  93|0x0000000085d00000, 0x0000000085dc6fc0, 0x0000000085e00000| 77%| O|  |TAMS 0x0000000085dc6fc0, 0x0000000085d00000| Complete 
|  94|0x0000000085e00000, 0x0000000085f00000, 0x0000000085f00000|100%| O|  |TAMS 0x0000000085f00000, 0x0000000085e00000| Complete 
|  95|0x0000000085f00000, 0x0000000086000000, 0x0000000086000000|100%| O|  |TAMS 0x0000000086000000, 0x0000000085f00000| Complete 
|  96|0x0000000086000000, 0x0000000086100000, 0x0000000086100000|100%| O|  |TAMS 0x0000000086100000, 0x0000000086000000| Complete 
|  97|0x0000000086100000, 0x0000000086100000, 0x0000000086200000|  0%| F|  |TAMS 0x0000000086100000, 0x0000000086100000| Untracked 
|  98|0x0000000086200000, 0x0000000086200000, 0x0000000086300000|  0%| F|  |TAMS 0x0000000086200000, 0x0000000086200000| Untracked 
|  99|0x0000000086300000, 0x0000000086300000, 0x0000000086400000|  0%| F|  |TAMS 0x0000000086300000, 0x0000000086300000| Untracked 
| 100|0x0000000086400000, 0x0000000086500000, 0x0000000086500000|100%| O|  |TAMS 0x0000000086500000, 0x0000000086400000| Complete 
| 101|0x0000000086500000, 0x0000000086500000, 0x0000000086600000|  0%| F|  |TAMS 0x0000000086500000, 0x0000000086500000| Untracked 
| 102|0x0000000086600000, 0x0000000086700000, 0x0000000086700000|100%| O|  |TAMS 0x0000000086700000, 0x0000000086600000| Untracked 
| 103|0x0000000086700000, 0x0000000086800000, 0x0000000086800000|100%| O|  |TAMS 0x0000000086800000, 0x0000000086700000| Complete 
| 104|0x0000000086800000, 0x0000000086900000, 0x0000000086900000|100%| O|  |TAMS 0x0000000086900000, 0x0000000086800000| Complete 
| 105|0x0000000086900000, 0x0000000086900000, 0x0000000086a00000|  0%| F|  |TAMS 0x0000000086900000, 0x0000000086900000| Untracked 
| 106|0x0000000086a00000, 0x0000000086a00000, 0x0000000086b00000|  0%| F|  |TAMS 0x0000000086a00000, 0x0000000086a00000| Untracked 
| 107|0x0000000086b00000, 0x0000000086c00000, 0x0000000086c00000|100%| O|  |TAMS 0x0000000086c00000, 0x0000000086b00000| Untracked 
| 108|0x0000000086c00000, 0x0000000086d00000, 0x0000000086d00000|100%| O|  |TAMS 0x0000000086d00000, 0x0000000086c00000| Complete 
| 109|0x0000000086d00000, 0x0000000086e00000, 0x0000000086e00000|100%| O|  |TAMS 0x0000000086e00000, 0x0000000086d00000| Complete 
| 110|0x0000000086e00000, 0x0000000086f00000, 0x0000000086f00000|100%| O|  |TAMS 0x0000000086f00000, 0x0000000086e00000| Complete 
| 111|0x0000000086f00000, 0x0000000086ff5f50, 0x0000000087000000| 96%| O|  |TAMS 0x0000000086ff5f50, 0x0000000086f00000| Untracked 
| 112|0x0000000087000000, 0x0000000087100000, 0x0000000087100000|100%| O|  |TAMS 0x0000000087100000, 0x0000000087000000| Complete 
| 113|0x0000000087100000, 0x0000000087200000, 0x0000000087200000|100%| O|  |TAMS 0x0000000087200000, 0x0000000087100000| Untracked 
| 114|0x0000000087200000, 0x0000000087300000, 0x0000000087300000|100%|HS|  |TAMS 0x0000000087300000, 0x0000000087200000| Complete 
| 115|0x0000000087300000, 0x0000000087300000, 0x0000000087400000|  0%| F|  |TAMS 0x0000000087300000, 0x0000000087300000| Untracked 
| 116|0x0000000087400000, 0x0000000087400000, 0x0000000087500000|  0%| F|  |TAMS 0x0000000087400000, 0x0000000087400000| Untracked 
| 117|0x0000000087500000, 0x0000000087500000, 0x0000000087600000|  0%| F|  |TAMS 0x0000000087500000, 0x0000000087500000| Untracked 
| 118|0x0000000087600000, 0x0000000087600000, 0x0000000087700000|  0%| F|  |TAMS 0x0000000087600000, 0x0000000087600000| Untracked 
| 119|0x0000000087700000, 0x0000000087800000, 0x0000000087800000|100%| O|  |TAMS 0x0000000087800000, 0x0000000087700000| Complete 
| 120|0x0000000087800000, 0x0000000087900000, 0x0000000087900000|100%| O|  |TAMS 0x0000000087900000, 0x0000000087800000| Complete 
| 121|0x0000000087900000, 0x0000000087a00000, 0x0000000087a00000|100%| O|  |TAMS 0x0000000087a00000, 0x0000000087900000| Complete 
| 122|0x0000000087a00000, 0x0000000087b00000, 0x0000000087b00000|100%| O|  |TAMS 0x0000000087b00000, 0x0000000087a00000| Untracked 
| 123|0x0000000087b00000, 0x0000000087c00000, 0x0000000087c00000|100%| O|  |TAMS 0x0000000087c00000, 0x0000000087b00000| Complete 
| 124|0x0000000087c00000, 0x0000000087d00000, 0x0000000087d00000|100%| O|  |TAMS 0x0000000087d00000, 0x0000000087c00000| Complete 
| 125|0x0000000087d00000, 0x0000000087e00000, 0x0000000087e00000|100%| O|  |TAMS 0x0000000087e00000, 0x0000000087d00000| Untracked 
| 126|0x0000000087e00000, 0x0000000087f00000, 0x0000000087f00000|100%| O|  |TAMS 0x0000000087f00000, 0x0000000087e00000| Complete 
| 127|0x0000000087f00000, 0x0000000087f00000, 0x0000000088000000|  0%| F|  |TAMS 0x0000000087f00000, 0x0000000087f00000| Untracked 
| 128|0x0000000088000000, 0x0000000088000000, 0x0000000088100000|  0%| F|  |TAMS 0x0000000088000000, 0x0000000088000000| Untracked 
| 129|0x0000000088100000, 0x0000000088200000, 0x0000000088200000|100%| O|  |TAMS 0x0000000088200000, 0x0000000088100000| Complete 
| 130|0x0000000088200000, 0x0000000088300000, 0x0000000088300000|100%| O|  |TAMS 0x0000000088300000, 0x0000000088200000| Complete 
| 131|0x0000000088300000, 0x0000000088400000, 0x0000000088400000|100%| O|  |TAMS 0x0000000088400000, 0x0000000088300000| Complete 
| 132|0x0000000088400000, 0x0000000088400000, 0x0000000088500000|  0%| F|  |TAMS 0x0000000088400000, 0x0000000088400000| Untracked 
| 133|0x0000000088500000, 0x0000000088500000, 0x0000000088600000|  0%| F|  |TAMS 0x0000000088500000, 0x0000000088500000| Untracked 
| 134|0x0000000088600000, 0x0000000088600000, 0x0000000088700000|  0%| F|  |TAMS 0x0000000088600000, 0x0000000088600000| Untracked 
| 135|0x0000000088700000, 0x0000000088800000, 0x0000000088800000|100%| O|  |TAMS 0x0000000088800000, 0x0000000088700000| Complete 
| 136|0x0000000088800000, 0x0000000088900000, 0x0000000088900000|100%| O|  |TAMS 0x0000000088900000, 0x0000000088800000| Complete 
| 137|0x0000000088900000, 0x0000000088a00000, 0x0000000088a00000|100%| O|  |TAMS 0x0000000088a00000, 0x0000000088900000| Complete 
| 138|0x0000000088a00000, 0x0000000088a00000, 0x0000000088b00000|  0%| F|  |TAMS 0x0000000088a00000, 0x0000000088a00000| Untracked 
| 139|0x0000000088b00000, 0x0000000088b00000, 0x0000000088c00000|  0%| F|  |TAMS 0x0000000088b00000, 0x0000000088b00000| Untracked 
| 140|0x0000000088c00000, 0x0000000088c00000, 0x0000000088d00000|  0%| F|  |TAMS 0x0000000088c00000, 0x0000000088c00000| Untracked 
| 141|0x0000000088d00000, 0x0000000088d00000, 0x0000000088e00000|  0%| F|  |TAMS 0x0000000088d00000, 0x0000000088d00000| Untracked 
| 142|0x0000000088e00000, 0x0000000088e00000, 0x0000000088f00000|  0%| F|  |TAMS 0x0000000088e00000, 0x0000000088e00000| Untracked 
| 143|0x0000000088f00000, 0x0000000088f00000, 0x0000000089000000|  0%| F|  |TAMS 0x0000000088f00000, 0x0000000088f00000| Untracked 
| 144|0x0000000089000000, 0x0000000089000000, 0x0000000089100000|  0%| F|  |TAMS 0x0000000089000000, 0x0000000089000000| Untracked 
| 145|0x0000000089100000, 0x0000000089200000, 0x0000000089200000|100%| O|  |TAMS 0x0000000089200000, 0x0000000089100000| Complete 
| 146|0x0000000089200000, 0x0000000089300000, 0x0000000089300000|100%| O|  |TAMS 0x0000000089300000, 0x0000000089200000| Complete 
| 147|0x0000000089300000, 0x0000000089400000, 0x0000000089400000|100%| O|  |TAMS 0x0000000089400000, 0x0000000089300000| Complete 
| 148|0x0000000089400000, 0x0000000089500000, 0x0000000089500000|100%| O|  |TAMS 0x0000000089500000, 0x0000000089400000| Untracked 
| 149|0x0000000089500000, 0x0000000089600000, 0x0000000089600000|100%| O|  |TAMS 0x0000000089600000, 0x0000000089500000| Untracked 
| 150|0x0000000089600000, 0x0000000089700000, 0x0000000089700000|100%| O|  |TAMS 0x0000000089700000, 0x0000000089600000| Untracked 
| 151|0x0000000089700000, 0x0000000089800000, 0x0000000089800000|100%| O|  |TAMS 0x0000000089800000, 0x0000000089700000| Complete 
| 152|0x0000000089800000, 0x000000008989bc00, 0x0000000089900000| 60%| O|  |TAMS 0x000000008989bc00, 0x0000000089800000| Untracked 
| 153|0x0000000089900000, 0x0000000089900000, 0x0000000089a00000|  0%| F|  |TAMS 0x0000000089900000, 0x0000000089900000| Untracked 
| 154|0x0000000089a00000, 0x0000000089a00000, 0x0000000089b00000|  0%| F|  |TAMS 0x0000000089a00000, 0x0000000089a00000| Untracked 
| 155|0x0000000089b00000, 0x0000000089b00000, 0x0000000089c00000|  0%| F|  |TAMS 0x0000000089b00000, 0x0000000089b00000| Untracked 
| 156|0x0000000089c00000, 0x0000000089c00000, 0x0000000089d00000|  0%| F|  |TAMS 0x0000000089c00000, 0x0000000089c00000| Untracked 
| 157|0x0000000089d00000, 0x0000000089d00000, 0x0000000089e00000|  0%| F|  |TAMS 0x0000000089d00000, 0x0000000089d00000| Untracked 
| 158|0x0000000089e00000, 0x0000000089e00000, 0x0000000089f00000|  0%| F|  |TAMS 0x0000000089e00000, 0x0000000089e00000| Untracked 
| 159|0x0000000089f00000, 0x0000000089f00000, 0x000000008a000000|  0%| F|  |TAMS 0x0000000089f00000, 0x0000000089f00000| Untracked 
| 160|0x000000008a000000, 0x000000008a000000, 0x000000008a100000|  0%| F|  |TAMS 0x000000008a000000, 0x000000008a000000| Untracked 
| 161|0x000000008a100000, 0x000000008a100000, 0x000000008a200000|  0%| F|  |TAMS 0x000000008a100000, 0x000000008a100000| Untracked 
| 162|0x000000008a200000, 0x000000008a200000, 0x000000008a300000|  0%| F|  |TAMS 0x000000008a200000, 0x000000008a200000| Untracked 
| 163|0x000000008a300000, 0x000000008a300000, 0x000000008a400000|  0%| F|  |TAMS 0x000000008a300000, 0x000000008a300000| Untracked 
| 164|0x000000008a400000, 0x000000008a400000, 0x000000008a500000|  0%| F|  |TAMS 0x000000008a400000, 0x000000008a400000| Untracked 
| 165|0x000000008a500000, 0x000000008a500000, 0x000000008a600000|  0%| F|  |TAMS 0x000000008a500000, 0x000000008a500000| Untracked 
| 166|0x000000008a600000, 0x000000008a600000, 0x000000008a700000|  0%| F|  |TAMS 0x000000008a600000, 0x000000008a600000| Untracked 
| 167|0x000000008a700000, 0x000000008a700000, 0x000000008a800000|  0%| F|  |TAMS 0x000000008a700000, 0x000000008a700000| Untracked 
| 168|0x000000008a800000, 0x000000008a800000, 0x000000008a900000|  0%| F|  |TAMS 0x000000008a800000, 0x000000008a800000| Untracked 
| 169|0x000000008a900000, 0x000000008a965370, 0x000000008aa00000| 39%| S|CS|TAMS 0x000000008a900000, 0x000000008a900000| Complete 
| 170|0x000000008aa00000, 0x000000008ab00000, 0x000000008ab00000|100%| S|CS|TAMS 0x000000008aa00000, 0x000000008aa00000| Complete 
| 171|0x000000008ab00000, 0x000000008ac00000, 0x000000008ac00000|100%| S|CS|TAMS 0x000000008ab00000, 0x000000008ab00000| Complete 
| 172|0x000000008ac00000, 0x000000008ad00000, 0x000000008ad00000|100%| S|CS|TAMS 0x000000008ac00000, 0x000000008ac00000| Complete 
| 173|0x000000008ad00000, 0x000000008ae00000, 0x000000008ae00000|100%| S|CS|TAMS 0x000000008ad00000, 0x000000008ad00000| Complete 
| 174|0x000000008ae00000, 0x000000008af00000, 0x000000008af00000|100%| S|CS|TAMS 0x000000008ae00000, 0x000000008ae00000| Complete 
| 175|0x000000008af00000, 0x000000008b000000, 0x000000008b000000|100%| S|CS|TAMS 0x000000008af00000, 0x000000008af00000| Complete 
| 176|0x000000008b000000, 0x000000008b100000, 0x000000008b100000|100%| S|CS|TAMS 0x000000008b000000, 0x000000008b000000| Complete 
| 177|0x000000008b100000, 0x000000008b200000, 0x000000008b200000|100%| S|CS|TAMS 0x000000008b100000, 0x000000008b100000| Complete 
| 178|0x000000008b200000, 0x000000008b300000, 0x000000008b300000|100%| S|CS|TAMS 0x000000008b200000, 0x000000008b200000| Complete 
| 179|0x000000008b300000, 0x000000008b400000, 0x000000008b400000|100%| S|CS|TAMS 0x000000008b300000, 0x000000008b300000| Complete 
| 180|0x000000008b400000, 0x000000008b500000, 0x000000008b500000|100%| S|CS|TAMS 0x000000008b400000, 0x000000008b400000| Complete 
| 181|0x000000008b500000, 0x000000008b600000, 0x000000008b600000|100%| S|CS|TAMS 0x000000008b500000, 0x000000008b500000| Complete 
| 182|0x000000008b600000, 0x000000008b700000, 0x000000008b700000|100%| S|CS|TAMS 0x000000008b600000, 0x000000008b600000| Complete 
| 183|0x000000008b700000, 0x000000008b700000, 0x000000008b800000|  0%| F|  |TAMS 0x000000008b700000, 0x000000008b700000| Untracked 
| 184|0x000000008b800000, 0x000000008b800000, 0x000000008b900000|  0%| F|  |TAMS 0x000000008b800000, 0x000000008b800000| Untracked 
| 185|0x000000008b900000, 0x000000008b900000, 0x000000008ba00000|  0%| F|  |TAMS 0x000000008b900000, 0x000000008b900000| Untracked 
| 186|0x000000008ba00000, 0x000000008ba00000, 0x000000008bb00000|  0%| F|  |TAMS 0x000000008ba00000, 0x000000008ba00000| Untracked 
| 187|0x000000008bb00000, 0x000000008bb00000, 0x000000008bc00000|  0%| F|  |TAMS 0x000000008bb00000, 0x000000008bb00000| Untracked 
| 188|0x000000008bc00000, 0x000000008bc00000, 0x000000008bd00000|  0%| F|  |TAMS 0x000000008bc00000, 0x000000008bc00000| Untracked 
| 189|0x000000008bd00000, 0x000000008bd00000, 0x000000008be00000|  0%| F|  |TAMS 0x000000008bd00000, 0x000000008bd00000| Untracked 
| 190|0x000000008be00000, 0x000000008be00000, 0x000000008bf00000|  0%| F|  |TAMS 0x000000008be00000, 0x000000008be00000| Untracked 
| 191|0x000000008bf00000, 0x000000008bf00000, 0x000000008c000000|  0%| F|  |TAMS 0x000000008bf00000, 0x000000008bf00000| Untracked 
| 192|0x000000008c000000, 0x000000008c000000, 0x000000008c100000|  0%| F|  |TAMS 0x000000008c000000, 0x000000008c000000| Untracked 
| 193|0x000000008c100000, 0x000000008c100000, 0x000000008c200000|  0%| F|  |TAMS 0x000000008c100000, 0x000000008c100000| Untracked 
| 194|0x000000008c200000, 0x000000008c200000, 0x000000008c300000|  0%| F|  |TAMS 0x000000008c200000, 0x000000008c200000| Untracked 
| 195|0x000000008c300000, 0x000000008c300000, 0x000000008c400000|  0%| F|  |TAMS 0x000000008c300000, 0x000000008c300000| Untracked 
| 196|0x000000008c400000, 0x000000008c400000, 0x000000008c500000|  0%| F|  |TAMS 0x000000008c400000, 0x000000008c400000| Untracked 
| 197|0x000000008c500000, 0x000000008c500000, 0x000000008c600000|  0%| F|  |TAMS 0x000000008c500000, 0x000000008c500000| Untracked 
| 198|0x000000008c600000, 0x000000008c600000, 0x000000008c700000|  0%| F|  |TAMS 0x000000008c600000, 0x000000008c600000| Untracked 
| 199|0x000000008c700000, 0x000000008c700000, 0x000000008c800000|  0%| F|  |TAMS 0x000000008c700000, 0x000000008c700000| Untracked 
| 200|0x000000008c800000, 0x000000008c800000, 0x000000008c900000|  0%| F|  |TAMS 0x000000008c800000, 0x000000008c800000| Untracked 
| 201|0x000000008c900000, 0x000000008c900000, 0x000000008ca00000|  0%| F|  |TAMS 0x000000008c900000, 0x000000008c900000| Untracked 
| 202|0x000000008ca00000, 0x000000008ca00000, 0x000000008cb00000|  0%| F|  |TAMS 0x000000008ca00000, 0x000000008ca00000| Untracked 
| 203|0x000000008cb00000, 0x000000008cb00000, 0x000000008cc00000|  0%| F|  |TAMS 0x000000008cb00000, 0x000000008cb00000| Untracked 
| 204|0x000000008cc00000, 0x000000008cc00000, 0x000000008cd00000|  0%| F|  |TAMS 0x000000008cc00000, 0x000000008cc00000| Untracked 
| 205|0x000000008cd00000, 0x000000008cd00000, 0x000000008ce00000|  0%| F|  |TAMS 0x000000008cd00000, 0x000000008cd00000| Untracked 
| 206|0x000000008ce00000, 0x000000008ce00000, 0x000000008cf00000|  0%| F|  |TAMS 0x000000008ce00000, 0x000000008ce00000| Untracked 
| 207|0x000000008cf00000, 0x000000008cf00000, 0x000000008d000000|  0%| F|  |TAMS 0x000000008cf00000, 0x000000008cf00000| Untracked 
| 208|0x000000008d000000, 0x000000008d000000, 0x000000008d100000|  0%| F|  |TAMS 0x000000008d000000, 0x000000008d000000| Untracked 
| 209|0x000000008d100000, 0x000000008d100000, 0x000000008d200000|  0%| F|  |TAMS 0x000000008d100000, 0x000000008d100000| Untracked 
| 210|0x000000008d200000, 0x000000008d200000, 0x000000008d300000|  0%| F|  |TAMS 0x000000008d200000, 0x000000008d200000| Untracked 
| 211|0x000000008d300000, 0x000000008d300000, 0x000000008d400000|  0%| F|  |TAMS 0x000000008d300000, 0x000000008d300000| Untracked 
| 212|0x000000008d400000, 0x000000008d400000, 0x000000008d500000|  0%| F|  |TAMS 0x000000008d400000, 0x000000008d400000| Untracked 
| 213|0x000000008d500000, 0x000000008d500000, 0x000000008d600000|  0%| F|  |TAMS 0x000000008d500000, 0x000000008d500000| Untracked 
| 214|0x000000008d600000, 0x000000008d600000, 0x000000008d700000|  0%| F|  |TAMS 0x000000008d600000, 0x000000008d600000| Untracked 
| 215|0x000000008d700000, 0x000000008d700000, 0x000000008d800000|  0%| F|  |TAMS 0x000000008d700000, 0x000000008d700000| Untracked 
| 216|0x000000008d800000, 0x000000008d800000, 0x000000008d900000|  0%| F|  |TAMS 0x000000008d800000, 0x000000008d800000| Untracked 
| 217|0x000000008d900000, 0x000000008d900000, 0x000000008da00000|  0%| F|  |TAMS 0x000000008d900000, 0x000000008d900000| Untracked 
| 218|0x000000008da00000, 0x000000008da00000, 0x000000008db00000|  0%| F|  |TAMS 0x000000008da00000, 0x000000008da00000| Untracked 
| 219|0x000000008db00000, 0x000000008db00000, 0x000000008dc00000|  0%| F|  |TAMS 0x000000008db00000, 0x000000008db00000| Untracked 
| 220|0x000000008dc00000, 0x000000008dc00000, 0x000000008dd00000|  0%| F|  |TAMS 0x000000008dc00000, 0x000000008dc00000| Untracked 
| 221|0x000000008dd00000, 0x000000008dd00000, 0x000000008de00000|  0%| F|  |TAMS 0x000000008dd00000, 0x000000008dd00000| Untracked 
| 222|0x000000008de00000, 0x000000008de00000, 0x000000008df00000|  0%| F|  |TAMS 0x000000008de00000, 0x000000008de00000| Untracked 
| 223|0x000000008df00000, 0x000000008df00000, 0x000000008e000000|  0%| F|  |TAMS 0x000000008df00000, 0x000000008df00000| Untracked 
| 224|0x000000008e000000, 0x000000008e000000, 0x000000008e100000|  0%| F|  |TAMS 0x000000008e000000, 0x000000008e000000| Untracked 
| 225|0x000000008e100000, 0x000000008e100000, 0x000000008e200000|  0%| F|  |TAMS 0x000000008e100000, 0x000000008e100000| Untracked 
| 226|0x000000008e200000, 0x000000008e200000, 0x000000008e300000|  0%| F|  |TAMS 0x000000008e200000, 0x000000008e200000| Untracked 
| 227|0x000000008e300000, 0x000000008e300000, 0x000000008e400000|  0%| F|  |TAMS 0x000000008e300000, 0x000000008e300000| Untracked 
| 228|0x000000008e400000, 0x000000008e400000, 0x000000008e500000|  0%| F|  |TAMS 0x000000008e400000, 0x000000008e400000| Untracked 
| 229|0x000000008e500000, 0x000000008e500000, 0x000000008e600000|  0%| F|  |TAMS 0x000000008e500000, 0x000000008e500000| Untracked 
| 230|0x000000008e600000, 0x000000008e600000, 0x000000008e700000|  0%| F|  |TAMS 0x000000008e600000, 0x000000008e600000| Untracked 
| 231|0x000000008e700000, 0x000000008e700000, 0x000000008e800000|  0%| F|  |TAMS 0x000000008e700000, 0x000000008e700000| Untracked 
| 232|0x000000008e800000, 0x000000008e800000, 0x000000008e900000|  0%| F|  |TAMS 0x000000008e800000, 0x000000008e800000| Untracked 
| 233|0x000000008e900000, 0x000000008e900000, 0x000000008ea00000|  0%| F|  |TAMS 0x000000008e900000, 0x000000008e900000| Untracked 
| 234|0x000000008ea00000, 0x000000008ea00000, 0x000000008eb00000|  0%| F|  |TAMS 0x000000008ea00000, 0x000000008ea00000| Untracked 
| 235|0x000000008eb00000, 0x000000008eb00000, 0x000000008ec00000|  0%| F|  |TAMS 0x000000008eb00000, 0x000000008eb00000| Untracked 
| 236|0x000000008ec00000, 0x000000008ec00000, 0x000000008ed00000|  0%| F|  |TAMS 0x000000008ec00000, 0x000000008ec00000| Untracked 
| 237|0x000000008ed00000, 0x000000008ed00000, 0x000000008ee00000|  0%| F|  |TAMS 0x000000008ed00000, 0x000000008ed00000| Untracked 
| 238|0x000000008ee00000, 0x000000008ee00000, 0x000000008ef00000|  0%| F|  |TAMS 0x000000008ee00000, 0x000000008ee00000| Untracked 
| 239|0x000000008ef00000, 0x000000008ef00000, 0x000000008f000000|  0%| F|  |TAMS 0x000000008ef00000, 0x000000008ef00000| Untracked 
| 240|0x000000008f000000, 0x000000008f000000, 0x000000008f100000|  0%| F|  |TAMS 0x000000008f000000, 0x000000008f000000| Untracked 
| 241|0x000000008f100000, 0x000000008f200000, 0x000000008f200000|100%|HS|  |TAMS 0x000000008f200000, 0x000000008f100000| Complete 
| 242|0x000000008f200000, 0x000000008f300000, 0x000000008f300000|100%|HC|  |TAMS 0x000000008f300000, 0x000000008f200000| Complete 
| 243|0x000000008f300000, 0x000000008f400000, 0x000000008f400000|100%|HC|  |TAMS 0x000000008f400000, 0x000000008f300000| Complete 
| 244|0x000000008f400000, 0x000000008f400000, 0x000000008f500000|  0%| F|  |TAMS 0x000000008f400000, 0x000000008f400000| Untracked 
| 245|0x000000008f500000, 0x000000008f500000, 0x000000008f600000|  0%| F|  |TAMS 0x000000008f500000, 0x000000008f500000| Untracked 
| 246|0x000000008f600000, 0x000000008f600000, 0x000000008f700000|  0%| F|  |TAMS 0x000000008f600000, 0x000000008f600000| Untracked 
| 247|0x000000008f700000, 0x000000008f700000, 0x000000008f800000|  0%| F|  |TAMS 0x000000008f700000, 0x000000008f700000| Untracked 
| 248|0x000000008f800000, 0x000000008f800000, 0x000000008f900000|  0%| F|  |TAMS 0x000000008f800000, 0x000000008f800000| Untracked 
| 249|0x000000008f900000, 0x000000008f900000, 0x000000008fa00000|  0%| F|  |TAMS 0x000000008f900000, 0x000000008f900000| Untracked 
| 250|0x000000008fa00000, 0x000000008fa00000, 0x000000008fb00000|  0%| F|  |TAMS 0x000000008fa00000, 0x000000008fa00000| Untracked 
| 251|0x000000008fb00000, 0x000000008fb00000, 0x000000008fc00000|  0%| F|  |TAMS 0x000000008fb00000, 0x000000008fb00000| Untracked 
| 252|0x000000008fc00000, 0x000000008fc00000, 0x000000008fd00000|  0%| F|  |TAMS 0x000000008fc00000, 0x000000008fc00000| Untracked 
| 253|0x000000008fd00000, 0x000000008fd00000, 0x000000008fe00000|  0%| F|  |TAMS 0x000000008fd00000, 0x000000008fd00000| Untracked 
| 254|0x000000008fe00000, 0x000000008fe00000, 0x000000008ff00000|  0%| F|  |TAMS 0x000000008fe00000, 0x000000008fe00000| Untracked 
| 255|0x000000008ff00000, 0x000000008ff00000, 0x0000000090000000|  0%| F|  |TAMS 0x000000008ff00000, 0x000000008ff00000| Untracked 
| 256|0x0000000090000000, 0x0000000090000000, 0x0000000090100000|  0%| F|  |TAMS 0x0000000090000000, 0x0000000090000000| Untracked 
| 257|0x0000000090100000, 0x0000000090100000, 0x0000000090200000|  0%| F|  |TAMS 0x0000000090100000, 0x0000000090100000| Untracked 
| 258|0x0000000090200000, 0x0000000090200000, 0x0000000090300000|  0%| F|  |TAMS 0x0000000090200000, 0x0000000090200000| Untracked 
| 259|0x0000000090300000, 0x0000000090300000, 0x0000000090400000|  0%| F|  |TAMS 0x0000000090300000, 0x0000000090300000| Untracked 
| 260|0x0000000090400000, 0x0000000090400000, 0x0000000090500000|  0%| F|  |TAMS 0x0000000090400000, 0x0000000090400000| Untracked 
| 261|0x0000000090500000, 0x0000000090500000, 0x0000000090600000|  0%| F|  |TAMS 0x0000000090500000, 0x0000000090500000| Untracked 
| 262|0x0000000090600000, 0x0000000090600000, 0x0000000090700000|  0%| F|  |TAMS 0x0000000090600000, 0x0000000090600000| Untracked 
| 263|0x0000000090700000, 0x0000000090700000, 0x0000000090800000|  0%| F|  |TAMS 0x0000000090700000, 0x0000000090700000| Untracked 
| 264|0x0000000090800000, 0x0000000090800000, 0x0000000090900000|  0%| F|  |TAMS 0x0000000090800000, 0x0000000090800000| Untracked 
| 265|0x0000000090900000, 0x0000000090900000, 0x0000000090a00000|  0%| F|  |TAMS 0x0000000090900000, 0x0000000090900000| Untracked 
| 266|0x0000000090a00000, 0x0000000090a00000, 0x0000000090b00000|  0%| F|  |TAMS 0x0000000090a00000, 0x0000000090a00000| Untracked 
| 267|0x0000000090b00000, 0x0000000090b00000, 0x0000000090c00000|  0%| F|  |TAMS 0x0000000090b00000, 0x0000000090b00000| Untracked 
| 268|0x0000000090c00000, 0x0000000090c00000, 0x0000000090d00000|  0%| F|  |TAMS 0x0000000090c00000, 0x0000000090c00000| Untracked 
| 269|0x0000000090d00000, 0x0000000090d00000, 0x0000000090e00000|  0%| F|  |TAMS 0x0000000090d00000, 0x0000000090d00000| Untracked 
| 270|0x0000000090e00000, 0x0000000090e00000, 0x0000000090f00000|  0%| F|  |TAMS 0x0000000090e00000, 0x0000000090e00000| Untracked 
| 271|0x0000000090f00000, 0x0000000090f00000, 0x0000000091000000|  0%| F|  |TAMS 0x0000000090f00000, 0x0000000090f00000| Untracked 
| 272|0x0000000091000000, 0x0000000091000000, 0x0000000091100000|  0%| F|  |TAMS 0x0000000091000000, 0x0000000091000000| Untracked 
| 273|0x0000000091100000, 0x0000000091100000, 0x0000000091200000|  0%| F|  |TAMS 0x0000000091100000, 0x0000000091100000| Untracked 
| 274|0x0000000091200000, 0x0000000091200000, 0x0000000091300000|  0%| F|  |TAMS 0x0000000091200000, 0x0000000091200000| Untracked 
| 275|0x0000000091300000, 0x0000000091300000, 0x0000000091400000|  0%| F|  |TAMS 0x0000000091300000, 0x0000000091300000| Untracked 
| 276|0x0000000091400000, 0x0000000091400000, 0x0000000091500000|  0%| F|  |TAMS 0x0000000091400000, 0x0000000091400000| Untracked 
| 277|0x0000000091500000, 0x0000000091500000, 0x0000000091600000|  0%| F|  |TAMS 0x0000000091500000, 0x0000000091500000| Untracked 
| 278|0x0000000091600000, 0x0000000091600000, 0x0000000091700000|  0%| F|  |TAMS 0x0000000091600000, 0x0000000091600000| Untracked 
| 279|0x0000000091700000, 0x0000000091700000, 0x0000000091800000|  0%| F|  |TAMS 0x0000000091700000, 0x0000000091700000| Untracked 
| 280|0x0000000091800000, 0x0000000091800000, 0x0000000091900000|  0%| F|  |TAMS 0x0000000091800000, 0x0000000091800000| Untracked 
| 281|0x0000000091900000, 0x0000000091900000, 0x0000000091a00000|  0%| F|  |TAMS 0x0000000091900000, 0x0000000091900000| Untracked 
| 282|0x0000000091a00000, 0x0000000091a00000, 0x0000000091b00000|  0%| F|  |TAMS 0x0000000091a00000, 0x0000000091a00000| Untracked 
| 283|0x0000000091b00000, 0x0000000091b00000, 0x0000000091c00000|  0%| F|  |TAMS 0x0000000091b00000, 0x0000000091b00000| Untracked 
| 284|0x0000000091c00000, 0x0000000091c00000, 0x0000000091d00000|  0%| F|  |TAMS 0x0000000091c00000, 0x0000000091c00000| Untracked 
| 285|0x0000000091d00000, 0x0000000091d00000, 0x0000000091e00000|  0%| F|  |TAMS 0x0000000091d00000, 0x0000000091d00000| Untracked 
| 286|0x0000000091e00000, 0x0000000091e00000, 0x0000000091f00000|  0%| F|  |TAMS 0x0000000091e00000, 0x0000000091e00000| Untracked 
| 287|0x0000000091f00000, 0x0000000091f00000, 0x0000000092000000|  0%| F|  |TAMS 0x0000000091f00000, 0x0000000091f00000| Untracked 
| 288|0x0000000092000000, 0x0000000092000000, 0x0000000092100000|  0%| F|  |TAMS 0x0000000092000000, 0x0000000092000000| Untracked 
| 289|0x0000000092100000, 0x0000000092100000, 0x0000000092200000|  0%| F|  |TAMS 0x0000000092100000, 0x0000000092100000| Untracked 
| 290|0x0000000092200000, 0x0000000092200000, 0x0000000092300000|  0%| F|  |TAMS 0x0000000092200000, 0x0000000092200000| Untracked 
| 291|0x0000000092300000, 0x0000000092300000, 0x0000000092400000|  0%| F|  |TAMS 0x0000000092300000, 0x0000000092300000| Untracked 
| 292|0x0000000092400000, 0x0000000092400000, 0x0000000092500000|  0%| F|  |TAMS 0x0000000092400000, 0x0000000092400000| Untracked 
| 293|0x0000000092500000, 0x0000000092500000, 0x0000000092600000|  0%| F|  |TAMS 0x0000000092500000, 0x0000000092500000| Untracked 
| 294|0x0000000092600000, 0x0000000092600000, 0x0000000092700000|  0%| F|  |TAMS 0x0000000092600000, 0x0000000092600000| Untracked 
| 295|0x0000000092700000, 0x0000000092700000, 0x0000000092800000|  0%| F|  |TAMS 0x0000000092700000, 0x0000000092700000| Untracked 
| 296|0x0000000092800000, 0x0000000092800000, 0x0000000092900000|  0%| F|  |TAMS 0x0000000092800000, 0x0000000092800000| Untracked 
| 297|0x0000000092900000, 0x0000000092900000, 0x0000000092a00000|  0%| F|  |TAMS 0x0000000092900000, 0x0000000092900000| Untracked 
| 298|0x0000000092a00000, 0x0000000092a00000, 0x0000000092b00000|  0%| F|  |TAMS 0x0000000092a00000, 0x0000000092a00000| Untracked 
| 299|0x0000000092b00000, 0x0000000092b00000, 0x0000000092c00000|  0%| F|  |TAMS 0x0000000092b00000, 0x0000000092b00000| Untracked 
| 300|0x0000000092c00000, 0x0000000092c00000, 0x0000000092d00000|  0%| F|  |TAMS 0x0000000092c00000, 0x0000000092c00000| Untracked 
| 301|0x0000000092d00000, 0x0000000092d00000, 0x0000000092e00000|  0%| F|  |TAMS 0x0000000092d00000, 0x0000000092d00000| Untracked 
| 302|0x0000000092e00000, 0x0000000092e00000, 0x0000000092f00000|  0%| F|  |TAMS 0x0000000092e00000, 0x0000000092e00000| Untracked 
| 303|0x0000000092f00000, 0x0000000092f00000, 0x0000000093000000|  0%| F|  |TAMS 0x0000000092f00000, 0x0000000092f00000| Untracked 
| 304|0x0000000093000000, 0x0000000093000000, 0x0000000093100000|  0%| F|  |TAMS 0x0000000093000000, 0x0000000093000000| Untracked 
| 305|0x0000000093100000, 0x0000000093100000, 0x0000000093200000|  0%| F|  |TAMS 0x0000000093100000, 0x0000000093100000| Untracked 
| 306|0x0000000093200000, 0x0000000093200000, 0x0000000093300000|  0%| F|  |TAMS 0x0000000093200000, 0x0000000093200000| Untracked 
| 307|0x0000000093300000, 0x0000000093300000, 0x0000000093400000|  0%| F|  |TAMS 0x0000000093300000, 0x0000000093300000| Untracked 
| 308|0x0000000093400000, 0x0000000093400000, 0x0000000093500000|  0%| F|  |TAMS 0x0000000093400000, 0x0000000093400000| Untracked 
| 309|0x0000000093500000, 0x0000000093500000, 0x0000000093600000|  0%| F|  |TAMS 0x0000000093500000, 0x0000000093500000| Untracked 
| 310|0x0000000093600000, 0x0000000093600000, 0x0000000093700000|  0%| F|  |TAMS 0x0000000093600000, 0x0000000093600000| Untracked 
| 311|0x0000000093700000, 0x0000000093700000, 0x0000000093800000|  0%| F|  |TAMS 0x0000000093700000, 0x0000000093700000| Untracked 
| 312|0x0000000093800000, 0x0000000093800000, 0x0000000093900000|  0%| F|  |TAMS 0x0000000093800000, 0x0000000093800000| Untracked 
| 313|0x0000000093900000, 0x0000000093900000, 0x0000000093a00000|  0%| F|  |TAMS 0x0000000093900000, 0x0000000093900000| Untracked 
| 314|0x0000000093a00000, 0x0000000093a00000, 0x0000000093b00000|  0%| F|  |TAMS 0x0000000093a00000, 0x0000000093a00000| Untracked 
| 315|0x0000000093b00000, 0x0000000093b00000, 0x0000000093c00000|  0%| F|  |TAMS 0x0000000093b00000, 0x0000000093b00000| Untracked 
| 316|0x0000000093c00000, 0x0000000093c00000, 0x0000000093d00000|  0%| F|  |TAMS 0x0000000093c00000, 0x0000000093c00000| Untracked 

Card table byte_map: [0x00000246fd940000,0x00000246fdd40000] _byte_map_base: 0x00000246fd540000

Marking Bits (Prev, Next): (CMBitMap*) 0x00000246ea00ad40, (CMBitMap*) 0x00000246ea00ad08
 Prev Bits: [0x0000024682000000, 0x0000024684000000)
 Next Bits: [0x0000024680000000, 0x0000024682000000)

Polling page: 0x00000246e8700000

Metaspace:

Usage:
  Non-class:    121.56 MB capacity,   118.84 MB ( 98%) used,     2.20 MB (  2%) free+waste,   534.56 KB ( <1%) overhead. 
      Class:     17.96 MB capacity,    16.42 MB ( 91%) used,     1.31 MB (  7%) free+waste,   227.06 KB (  1%) overhead. 
       Both:    139.52 MB capacity,   135.27 MB ( 97%) used,     3.51 MB (  3%) free+waste,   761.63 KB ( <1%) overhead. 

Virtual space:
  Non-class space:      124.00 MB reserved,     123.50 MB (>99%) committed 
      Class space:        1.00 GB reserved,      18.13 MB (  2%) committed 
             Both:        1.12 GB reserved,     141.63 MB ( 12%) committed 

Chunk freelists:
   Non-Class:  1.87 MB
       Class:  138.00 KB
        Both:  2.01 MB

MaxMetaspaceSize: 17179869184.00 GB
CompressedClassSpaceSize: 1.00 GB

CodeHeap 'non-profiled nmethods': size=120000Kb used=26381Kb max_used=26381Kb free=93618Kb
 bounds [0x00000246f55a0000, 0x00000246f6f90000, 0x00000246fcad0000]
CodeHeap 'profiled nmethods': size=120000Kb used=61825Kb max_used=61825Kb free=58174Kb
 bounds [0x00000246ee070000, 0x00000246f1d90000, 0x00000246f55a0000]
CodeHeap 'non-nmethods': size=5760Kb used=2393Kb max_used=2491Kb free=3367Kb
 bounds [0x00000246edad0000, 0x00000246edd50000, 0x00000246ee070000]
 total_blobs=28584 nmethods=27561 adapters=930
 compilation: enabled
              stopped_count=0, restarted_count=0
 full_count=0

Compilation events (20 events):
Event: 8901.633 Thread 0x00000246fec42800 34364       2       com.android.tools.r8.code.K0::<init> (28 bytes)
Event: 8901.636 Thread 0x00000246fec42800 nmethod 34364 0x00000246f0148110 code [0x00000246f01482e0, 0x00000246f0148518]
Event: 8901.636 Thread 0x00000246fec42800 34370       2       com.android.tools.r8.code.H3::<init> (13 bytes)
Event: 8901.637 Thread 0x00000246fec42800 nmethod 34370 0x00000246f014fa10 code [0x00000246f014fbe0, 0x00000246f014fe48]
Event: 8901.637 Thread 0x00000246fec42800 34363       2       com.android.tools.r8.code.m1::<init> (13 bytes)
Event: 8901.637 Thread 0x00000246fec42800 nmethod 34363 0x00000246f014f610 code [0x00000246f014f7c0, 0x00000246f014f8e8]
Event: 8901.637 Thread 0x00000246fec42800 34369       2       com.android.tools.r8.code.T1::<init> (13 bytes)
Event: 8901.638 Thread 0x00000246fec42800 nmethod 34369 0x00000246f014f210 code [0x00000246f014f3c0, 0x00000246f014f4e8]
Event: 8901.638 Thread 0x00000246fec42800 34362       2       com.android.tools.r8.code.S::<init> (7 bytes)
Event: 8901.638 Thread 0x00000246fec42800 nmethod 34362 0x00000246f014ed10 code [0x00000246f014eee0, 0x00000246f014f0a8]
Event: 8901.638 Thread 0x00000246fec42800 34365       2       com.android.tools.r8.code.v1::f (9 bytes)
Event: 8901.638 Thread 0x00000246fec42800 nmethod 34365 0x00000246f014e910 code [0x00000246f014eac0, 0x00000246f014ebe8]
Event: 8901.649 Thread 0x00000246fec42800 34371       2       com.android.tools.r8.code.h::<init> (7 bytes)
Event: 8901.650 Thread 0x00000246fec42800 nmethod 34371 0x00000246f014e310 code [0x00000246f014e4e0, 0x00000246f014e718]
Event: 8901.655 Thread 0x00000246fec42800 34373 %     3       java.util.concurrent.ForkJoinPool::scan @ 33 (209 bytes)
Event: 8901.660 Thread 0x00000246fec42800 nmethod 34373% 0x00000246f0152f10 code [0x00000246f0153300, 0x00000246f0154f38]
Event: 8901.767 Thread 0x00000246fec42800 34377       2       com.android.tools.r8.internal.Eq::a (123 bytes)
Event: 8901.769 Thread 0x00000246fec42800 nmethod 34377 0x00000246f014d710 code [0x00000246f014d980, 0x00000246f014df28]
Event: 8901.773 Thread 0x00000246fec42800 34378       2       org.gradle.api.internal.file.collections.DefaultDirectoryWalker$PathVisitor::visitFile (10 bytes)
Event: 8901.773 Thread 0x00000246fec42800 nmethod 34378 0x00000246f014d310 code [0x00000246f014d4c0, 0x00000246f014d628]

GC Heap History (20 events):
Event: 8894.474 GC heap after
{Heap after GC invocations=141 (full 1):
 garbage-first heap   total 324608K, used 149914K [0x0000000080000000, 0x0000000100000000)
  region size 1024K, 2 young (2048K), 2 survivors (2048K)
 Metaspace       used 139651K, capacity 143979K, committed 144256K, reserved 1175552K
  class space    used 16932K, capacity 18512K, committed 18560K, reserved 1048576K
}
Event: 8894.493 GC heap before
{Heap before GC invocations=141 (full 1):
 garbage-first heap   total 324608K, used 155034K [0x0000000080000000, 0x0000000100000000)
  region size 1024K, 8 young (8192K), 2 survivors (2048K)
 Metaspace       used 139651K, capacity 143979K, committed 144256K, reserved 1175552K
  class space    used 16932K, capacity 18512K, committed 18560K, reserved 1048576K
}
Event: 8894.504 GC heap after
{Heap after GC invocations=142 (full 1):
 garbage-first heap   total 324608K, used 149214K [0x0000000080000000, 0x0000000100000000)
  region size 1024K, 1 young (1024K), 1 survivors (1024K)
 Metaspace       used 139651K, capacity 143979K, committed 144256K, reserved 1175552K
  class space    used 16932K, capacity 18512K, committed 18560K, reserved 1048576K
}
Event: 8894.907 GC heap before
{Heap before GC invocations=142 (full 1):
 garbage-first heap   total 324608K, used 257758K [0x0000000080000000, 0x0000000100000000)
  region size 1024K, 106 young (108544K), 1 survivors (1024K)
 Metaspace       used 140440K, capacity 144761K, committed 145024K, reserved 1175552K
  class space    used 16941K, capacity 18516K, committed 18560K, reserved 1048576K
}
Event: 8894.913 GC heap after
{Heap after GC invocations=143 (full 1):
 garbage-first heap   total 324608K, used 150198K [0x0000000080000000, 0x0000000100000000)
  region size 1024K, 2 young (2048K), 2 survivors (2048K)
 Metaspace       used 140440K, capacity 144761K, committed 145024K, reserved 1175552K
  class space    used 16941K, capacity 18516K, committed 18560K, reserved 1048576K
}
Event: 8895.383 GC heap before
{Heap before GC invocations=144 (full 1):
 garbage-first heap   total 324608K, used 259766K [0x0000000080000000, 0x0000000100000000)
  region size 1024K, 110 young (112640K), 2 survivors (2048K)
 Metaspace       used 140472K, capacity 144842K, committed 145024K, reserved 1175552K
  class space    used 16944K, capacity 18521K, committed 18560K, reserved 1048576K
}
Event: 8895.390 GC heap after
{Heap after GC invocations=145 (full 1):
 garbage-first heap   total 324608K, used 149089K [0x0000000080000000, 0x0000000100000000)
  region size 1024K, 3 young (3072K), 3 survivors (3072K)
 Metaspace       used 140472K, capacity 144842K, committed 145024K, reserved 1175552K
  class space    used 16944K, capacity 18521K, committed 18560K, reserved 1048576K
}
Event: 8895.639 GC heap before
{Heap before GC invocations=145 (full 1):
 garbage-first heap   total 324608K, used 161377K [0x0000000080000000, 0x0000000100000000)
  region size 1024K, 15 young (15360K), 3 survivors (3072K)
 Metaspace       used 140472K, capacity 144842K, committed 145024K, reserved 1175552K
  class space    used 16944K, capacity 18521K, committed 18560K, reserved 1048576K
}
Event: 8895.651 GC heap after
{Heap after GC invocations=146 (full 1):
 garbage-first heap   total 324608K, used 148672K [0x0000000080000000, 0x0000000100000000)
  region size 1024K, 1 young (1024K), 1 survivors (1024K)
 Metaspace       used 140472K, capacity 144842K, committed 145024K, reserved 1175552K
  class space    used 16944K, capacity 18521K, committed 18560K, reserved 1048576K
}
Event: 8896.894 GC heap before
{Heap before GC invocations=146 (full 1):
 garbage-first heap   total 324608K, used 262336K [0x0000000080000000, 0x0000000100000000)
  region size 1024K, 112 young (114688K), 1 survivors (1024K)
 Metaspace       used 140480K, capacity 144843K, committed 145024K, reserved 1175552K
  class space    used 16944K, capacity 18521K, committed 18560K, reserved 1048576K
}
Event: 8896.914 GC heap after
{Heap after GC invocations=147 (full 1):
 garbage-first heap   total 324608K, used 149591K [0x0000000080000000, 0x0000000100000000)
  region size 1024K, 2 young (2048K), 2 survivors (2048K)
 Metaspace       used 140480K, capacity 144843K, committed 145024K, reserved 1175552K
  class space    used 16944K, capacity 18521K, committed 18560K, reserved 1048576K
}
Event: 8897.239 GC heap before
{Heap before GC invocations=147 (full 1):
 garbage-first heap   total 324608K, used 265303K [0x0000000080000000, 0x0000000100000000)
  region size 1024K, 115 young (117760K), 2 survivors (2048K)
 Metaspace       used 140502K, capacity 144908K, committed 145024K, reserved 1175552K
  class space    used 16944K, capacity 18521K, committed 18560K, reserved 1048576K
}
Event: 8897.259 GC heap after
{Heap after GC invocations=148 (full 1):
 garbage-first heap   total 324608K, used 150963K [0x0000000080000000, 0x0000000100000000)
  region size 1024K, 3 young (3072K), 3 survivors (3072K)
 Metaspace       used 140502K, capacity 144908K, committed 145024K, reserved 1175552K
  class space    used 16944K, capacity 18521K, committed 18560K, reserved 1048576K
}
Event: 8897.756 GC heap before
{Heap before GC invocations=149 (full 1):
 garbage-first heap   total 324608K, used 268723K [0x0000000080000000, 0x0000000100000000)
  region size 1024K, 118 young (120832K), 3 survivors (3072K)
 Metaspace       used 138442K, capacity 142787K, committed 145024K, reserved 1175552K
  class space    used 16811K, capacity 18387K, committed 18560K, reserved 1048576K
}
Event: 8897.772 GC heap after
{Heap after GC invocations=150 (full 1):
 garbage-first heap   total 324608K, used 151276K [0x0000000080000000, 0x0000000100000000)
  region size 1024K, 4 young (4096K), 4 survivors (4096K)
 Metaspace       used 138442K, capacity 142787K, committed 145024K, reserved 1175552K
  class space    used 16811K, capacity 18387K, committed 18560K, reserved 1048576K
}
Event: 8897.831 GC heap before
{Heap before GC invocations=150 (full 1):
 garbage-first heap   total 324608K, used 162540K [0x0000000080000000, 0x0000000100000000)
  region size 1024K, 15 young (15360K), 4 survivors (4096K)
 Metaspace       used 138442K, capacity 142787K, committed 145024K, reserved 1175552K
  class space    used 16811K, capacity 18387K, committed 18560K, reserved 1048576K
}
Event: 8898.027 GC heap after
{Heap after GC invocations=151 (full 1):
 garbage-first heap   total 324608K, used 134558K [0x0000000080000000, 0x0000000100000000)
  region size 1024K, 1 young (1024K), 1 survivors (1024K)
 Metaspace       used 138442K, capacity 142787K, committed 145024K, reserved 1175552K
  class space    used 16811K, capacity 18387K, committed 18560K, reserved 1048576K
}
Event: 8900.098 GC heap before
{Heap before GC invocations=151 (full 1):
 garbage-first heap   total 324608K, used 263582K [0x0000000080000000, 0x0000000100000000)
  region size 1024K, 127 young (130048K), 1 survivors (1024K)
 Metaspace       used 138469K, capacity 142787K, committed 145024K, reserved 1175552K
  class space    used 16812K, capacity 18387K, committed 18560K, reserved 1048576K
}
Event: 8900.541 GC heap after
{Heap after GC invocations=152 (full 1):
 garbage-first heap   total 324608K, used 136056K [0x0000000080000000, 0x0000000100000000)
  region size 1024K, 3 young (3072K), 3 survivors (3072K)
 Metaspace       used 138469K, capacity 142787K, committed 145024K, reserved 1175552K
  class space    used 16812K, capacity 18387K, committed 18560K, reserved 1048576K
}
Event: 8901.895 GC heap before
{Heap before GC invocations=153 (full 1):
 garbage-first heap   total 324608K, used 267128K [0x0000000080000000, 0x0000000100000000)
  region size 1024K, 131 young (134144K), 3 survivors (3072K)
 Metaspace       used 138513K, capacity 142872K, committed 145024K, reserved 1175552K
  class space    used 16817K, capacity 18390K, committed 18560K, reserved 1048576K
}

Deoptimization events (20 events):
Event: 8901.586 Thread 0x0000024695e12800 DEOPT PACKING pc=0x00000246ef866539 sp=0x0000005b95cfe6d0
Event: 8901.586 Thread 0x0000024695e12800 DEOPT UNPACKING pc=0x00000246edaf76ce sp=0x0000005b95cfdd90 mode 0
Event: 8901.591 Thread 0x000002468d008800 Uncommon trap: trap_request=0xffffff4d fr.pc=0x00000246f6126e68 relative=0x0000000000007948
Event: 8901.591 Thread 0x000002468d008800 Uncommon trap: reason=unstable_if action=reinterpret pc=0x00000246f6126e68 method=com.android.tools.r8.code.w1.a(Ljava/nio/ShortBuffer;IILcom/android/tools/r8/internal/Yu;)[Lcom/android/tools/r8/code/v1; @ 541 c2
Event: 8901.591 Thread 0x000002468d008800 DEOPT PACKING pc=0x00000246f6126e68 sp=0x0000005b94ffe550
Event: 8901.592 Thread 0x000002468d008800 DEOPT UNPACKING pc=0x00000246edaf78af sp=0x0000005b94ffe538 mode 2
Event: 8901.732 Thread 0x000002468d008800 DEOPT PACKING pc=0x00000246ef86b59a sp=0x0000005b94ffdf10
Event: 8901.732 Thread 0x000002468d008800 DEOPT UNPACKING pc=0x00000246edaf76ce sp=0x0000005b94ffd3a8 mode 0
Event: 8901.767 Thread 0x00000246893d5000 Uncommon trap: trap_request=0xffffff4d fr.pc=0x00000246f6bcf4b4 relative=0x0000000000000174
Event: 8901.767 Thread 0x00000246893d5000 Uncommon trap: reason=unstable_if action=reinterpret pc=0x00000246f6bcf4b4 method=com.android.tools.r8.internal.Eq.a(Lcom/android/tools/r8/graph/c0;)Lcom/android/tools/r8/internal/Eq; @ 43 c2
Event: 8901.767 Thread 0x00000246893d5000 DEOPT PACKING pc=0x00000246f6bcf4b4 sp=0x0000005b944fdce0
Event: 8901.767 Thread 0x00000246893d5000 DEOPT UNPACKING pc=0x00000246edaf78af sp=0x0000005b944fdc80 mode 2
Event: 8901.792 Thread 0x000002468c370000 Uncommon trap: trap_request=0xffffffbe fr.pc=0x00000246f6e643e4 relative=0x0000000000003604
Event: 8901.792 Thread 0x000002468c370000 Uncommon trap: reason=profile_predicate action=maybe_recompile pc=0x00000246f6e643e4 method=kotlin.collections.CollectionsKt__MutableCollectionsKt.addAll(Ljava/util/Collection;Ljava/lang/Iterable;)Z @ 49 c2
Event: 8901.792 Thread 0x000002468c370000 DEOPT PACKING pc=0x00000246f6e643e4 sp=0x0000005b930fa1e0
Event: 8901.792 Thread 0x000002468c370000 DEOPT UNPACKING pc=0x00000246edaf78af sp=0x0000005b930fa1f0 mode 2
Event: 8901.792 Thread 0x000002468c370000 Uncommon trap: trap_request=0xffffffbe fr.pc=0x00000246f6e643e4 relative=0x0000000000003604
Event: 8901.792 Thread 0x000002468c370000 Uncommon trap: reason=profile_predicate action=maybe_recompile pc=0x00000246f6e643e4 method=kotlin.collections.CollectionsKt__MutableCollectionsKt.addAll(Ljava/util/Collection;Ljava/lang/Iterable;)Z @ 49 c2
Event: 8901.792 Thread 0x000002468c370000 DEOPT PACKING pc=0x00000246f6e643e4 sp=0x0000005b930fa1e0
Event: 8901.792 Thread 0x000002468c370000 DEOPT UNPACKING pc=0x00000246edaf78af sp=0x0000005b930fa1f0 mode 2

Classes redefined (0 events):
No events

Internal exceptions (20 events):
Event: 8893.230 Thread 0x000002468c369800 Exception <a 'sun/nio/fs/WindowsException'{0x000000008e69b010}> (0x000000008e69b010) thrown at [./src/hotspot/share/prims/jni.cpp, line 615]
Event: 8893.241 Thread 0x000002468c36e800 Exception <a 'sun/nio/fs/WindowsException'{0x000000008e6ecf98}> (0x000000008e6ecf98) thrown at [./src/hotspot/share/prims/jni.cpp, line 615]
Event: 8893.771 Thread 0x000002468c36a000 Exception <a 'sun/nio/fs/WindowsException'{0x00000000935372b0}> (0x00000000935372b0) thrown at [./src/hotspot/share/prims/jni.cpp, line 615]
Event: 8894.010 Thread 0x000002468c369800 Exception <a 'sun/nio/fs/WindowsException'{0x0000000093188320}> (0x0000000093188320) thrown at [./src/hotspot/share/prims/jni.cpp, line 615]
Event: 8894.121 Thread 0x000002468c369800 Exception <a 'sun/nio/fs/WindowsException'{0x0000000092316c90}> (0x0000000092316c90) thrown at [./src/hotspot/share/prims/jni.cpp, line 615]
Event: 8894.124 Thread 0x000002468b322000 Exception <a 'sun/nio/fs/WindowsException'{0x000000009232d268}> (0x000000009232d268) thrown at [./src/hotspot/share/prims/jni.cpp, line 615]
Event: 8894.198 Thread 0x000002468c369800 Exception <a 'sun/nio/fs/WindowsException'{0x00000000909e7ff0}> (0x00000000909e7ff0) thrown at [./src/hotspot/share/prims/jni.cpp, line 615]
Event: 8894.801 Thread 0x000002468c36c800 Exception <a 'sun/nio/fs/WindowsException'{0x000000008f508618}> (0x000000008f508618) thrown at [./src/hotspot/share/prims/jni.cpp, line 615]
Event: 8894.838 Thread 0x000002468c36c800 Exception <a 'sun/nio/fs/WindowsException'{0x000000008de67b08}> (0x000000008de67b08) thrown at [./src/hotspot/share/prims/jni.cpp, line 615]
Event: 8894.870 Thread 0x000002468c367000 Exception <a 'sun/nio/fs/WindowsException'{0x000000008d394f00}> (0x000000008d394f00) thrown at [./src/hotspot/share/prims/jni.cpp, line 615]
Event: 8894.927 Thread 0x000002468c36e800 Exception <a 'sun/nio/fs/WindowsException'{0x0000000093317ff8}> (0x0000000093317ff8) thrown at [./src/hotspot/share/prims/jni.cpp, line 615]
Event: 8894.941 Thread 0x000002468c369800 Exception <a 'sun/nio/fs/WindowsException'{0x0000000092704218}> (0x0000000092704218) thrown at [./src/hotspot/share/prims/jni.cpp, line 615]
Event: 8895.029 Thread 0x000002468c36f000 Exception <a 'sun/nio/fs/WindowsException'{0x00000000911d0d68}> (0x00000000911d0d68) thrown at [./src/hotspot/share/prims/jni.cpp, line 615]
Event: 8895.331 Thread 0x000002468c36f000 Exception <a 'sun/nio/fs/WindowsException'{0x000000008da02ec8}> (0x000000008da02ec8) thrown at [./src/hotspot/share/prims/jni.cpp, line 615]
Event: 8897.202 Thread 0x000002468c36a000 Implicit null exception at 0x00000246f6f01674 to 0x00000246f6f07868
Event: 8897.550 Thread 0x000002468c36d800 Exception <a 'sun/nio/fs/WindowsException'{0x000000008fbb36f8}> (0x000000008fbb36f8) thrown at [./src/hotspot/share/prims/jni.cpp, line 615]
Event: 8897.707 Thread 0x000002468c36a000 Exception <a 'sun/nio/fs/WindowsException'{0x000000008d217b00}> (0x000000008d217b00) thrown at [./src/hotspot/share/prims/jni.cpp, line 615]
Event: 8898.139 Thread 0x000002468c371800 Implicit null exception at 0x00000246f6f2419c to 0x00000246f6f29098
Event: 8900.938 Thread 0x000002468c371800 Exception <a 'sun/nio/fs/WindowsException'{0x000000008dec1880}> (0x000000008dec1880) thrown at [./src/hotspot/share/prims/jni.cpp, line 615]
Event: 8901.262 Thread 0x00000246893d5000 Exception <a 'sun/nio/fs/WindowsException'{0x000000008d959ec0}> (0x000000008d959ec0) thrown at [./src/hotspot/share/prims/jni.cpp, line 615]

Events (20 events):
Event: 8901.752 Executing VM operation: RevokeBias done
Event: 8901.752 Executing VM operation: BulkRevokeBias
Event: 8901.754 Executing coalesced safepoint VM operation: RevokeBias
Event: 8901.754 Executing coalesced safepoint VM operation: RevokeBias done
Event: 8901.754 Executing coalesced safepoint VM operation: RevokeBias
Event: 8901.754 Executing coalesced safepoint VM operation: RevokeBias done
Event: 8901.754 Executing coalesced safepoint VM operation: BulkRevokeBias
Event: 8901.756 Executing coalesced safepoint VM operation: BulkRevokeBias done
Event: 8901.756 Executing coalesced safepoint VM operation: RevokeBias
Event: 8901.756 Executing coalesced safepoint VM operation: RevokeBias done
Event: 8901.756 Executing coalesced safepoint VM operation: RevokeBias
Event: 8901.756 Executing coalesced safepoint VM operation: RevokeBias done
Event: 8901.756 Executing coalesced safepoint VM operation: RevokeBias
Event: 8901.756 Executing coalesced safepoint VM operation: RevokeBias done
Event: 8901.756 Executing VM operation: BulkRevokeBias done
Event: 8901.787 Executing VM operation: RevokeBias
Event: 8901.788 Executing VM operation: RevokeBias done
Event: 8901.788 Executing VM operation: RevokeBias
Event: 8901.788 Executing VM operation: RevokeBias done
Event: 8901.892 Executing VM operation: G1CollectForAllocation


Dynamic libraries:
0x00007ff73f020000 - 0x00007ff73f02a000 	C:\Program Files\Android\Android Studio\jre\bin\java.exe
0x00007ffe88bd0000 - 0x00007ffe88dc5000 	C:\WINDOWS\SYSTEM32\ntdll.dll
0x00007ffe87ec0000 - 0x00007ffe87f7e000 	C:\WINDOWS\System32\KERNEL32.DLL
0x00007ffe86590000 - 0x00007ffe86858000 	C:\WINDOWS\System32\KERNELBASE.dll
0x00007ffe86ae0000 - 0x00007ffe86be0000 	C:\WINDOWS\System32\ucrtbase.dll
0x00007ffe81c20000 - 0x00007ffe81c39000 	C:\Program Files\Android\Android Studio\jre\bin\jli.dll
0x00007ffe819a0000 - 0x00007ffe819b7000 	C:\Program Files\Android\Android Studio\jre\bin\VCRUNTIME140.dll
0x00007ffe87650000 - 0x00007ffe877f1000 	C:\WINDOWS\System32\USER32.dll
0x00007ffe86860000 - 0x00007ffe86882000 	C:\WINDOWS\System32\win32u.dll
0x00007ffe76620000 - 0x00007ffe768ba000 	C:\WINDOWS\WinSxS\amd64_microsoft.windows.common-controls_6595b64144ccf1df_6.0.19041.1110_none_60b5254171f9507e\COMCTL32.dll
0x00007ffe87ca0000 - 0x00007ffe87ccb000 	C:\WINDOWS\System32\GDI32.dll
0x00007ffe88030000 - 0x00007ffe880ce000 	C:\WINDOWS\System32\msvcrt.dll
0x00007ffe86920000 - 0x00007ffe86a2d000 	C:\WINDOWS\System32\gdi32full.dll
0x00007ffe86440000 - 0x00007ffe864dd000 	C:\WINDOWS\System32\msvcp_win.dll
0x00007ffe86e40000 - 0x00007ffe86e70000 	C:\WINDOWS\System32\IMM32.DLL
0x00007ffe69ec0000 - 0x00007ffe69f5d000 	C:\Program Files\Android\Android Studio\jre\bin\msvcp140.dll
0x00007ffe4ece0000 - 0x00007ffe4f7af000 	C:\Program Files\Android\Android Studio\jre\bin\server\jvm.dll
0x00007ffe87940000 - 0x00007ffe879ee000 	C:\WINDOWS\System32\ADVAPI32.dll
0x00007ffe86c10000 - 0x00007ffe86cac000 	C:\WINDOWS\System32\sechost.dll
0x00007ffe86d10000 - 0x00007ffe86e35000 	C:\WINDOWS\System32\RPCRT4.dll
0x00007ffe875c0000 - 0x00007ffe875c8000 	C:\WINDOWS\System32\PSAPI.DLL
0x00007ffe757c0000 - 0x00007ffe757e7000 	C:\WINDOWS\SYSTEM32\WINMM.dll
0x00007ffe71080000 - 0x00007ffe71089000 	C:\WINDOWS\SYSTEM32\WSOCK32.dll
0x00007ffe7f090000 - 0x00007ffe7f09a000 	C:\WINDOWS\SYSTEM32\VERSION.dll
0x00007ffe87df0000 - 0x00007ffe87e5b000 	C:\WINDOWS\System32\WS2_32.dll
0x00007ffe84b90000 - 0x00007ffe84ba2000 	C:\WINDOWS\SYSTEM32\kernel.appcore.dll
0x00007ffe7e3c0000 - 0x00007ffe7e3d1000 	C:\Program Files\Android\Android Studio\jre\bin\verify.dll
0x00007ffe840c0000 - 0x00007ffe842a4000 	C:\WINDOWS\SYSTEM32\DBGHELP.DLL
0x00007ffe75030000 - 0x00007ffe7505c000 	C:\WINDOWS\SYSTEM32\dbgcore.DLL
0x00007ffe86890000 - 0x00007ffe86912000 	C:\WINDOWS\System32\bcryptPrimitives.dll
0x00007ffe7e390000 - 0x00007ffe7e3b9000 	C:\Program Files\Android\Android Studio\jre\bin\java.dll
0x00007ffe7fe60000 - 0x00007ffe7fe6b000 	C:\Program Files\Android\Android Studio\jre\bin\jimage.dll
0x00007ffe745c0000 - 0x00007ffe745d8000 	C:\Program Files\Android\Android Studio\jre\bin\zip.dll
0x00007ffe86e70000 - 0x00007ffe875b4000 	C:\WINDOWS\System32\SHELL32.dll
0x00007ffe843b0000 - 0x00007ffe84b45000 	C:\WINDOWS\SYSTEM32\windows.storage.dll
0x00007ffe88160000 - 0x00007ffe884b5000 	C:\WINDOWS\System32\combase.dll
0x00007ffe85c60000 - 0x00007ffe85c8e000 	C:\WINDOWS\SYSTEM32\Wldp.dll
0x00007ffe87f80000 - 0x00007ffe8802d000 	C:\WINDOWS\System32\SHCORE.dll
0x00007ffe86cb0000 - 0x00007ffe86d05000 	C:\WINDOWS\System32\shlwapi.dll
0x00007ffe86220000 - 0x00007ffe8623f000 	C:\WINDOWS\SYSTEM32\profapi.dll
0x00007ffe71810000 - 0x00007ffe7182a000 	C:\Program Files\Android\Android Studio\jre\bin\net.dll
0x00007ffe774e0000 - 0x00007ffe775ec000 	C:\WINDOWS\SYSTEM32\WINHTTP.dll
0x00007ffe859c0000 - 0x00007ffe85a2a000 	C:\WINDOWS\system32\mswsock.dll
0x00007ffe6efc0000 - 0x00007ffe6efd4000 	C:\Program Files\Android\Android Studio\jre\bin\nio.dll
0x00007ffe81a80000 - 0x00007ffe81aa7000 	C:\Users\user\.gradle\native\8bec1ad78214c89d9ad589b4d07fe93259594b29d510b10fafb7a158f7737e5d\windows-amd64\native-platform.dll
0x00007ffe47090000 - 0x00007ffe471cd000 	C:\Users\user\.gradle\native\53dbd7edfb1c66fb8903c78663c9afc45aea4f116125fa6feffd364cf09443e8\windows-amd64\native-platform-file-events.dll
0x00007ffe7e380000 - 0x00007ffe7e38a000 	C:\Program Files\Android\Android Studio\jre\bin\management.dll
0x00007ffe76320000 - 0x00007ffe7632c000 	C:\Program Files\Android\Android Studio\jre\bin\management_ext.dll
0x00007ffe85bb0000 - 0x00007ffe85bc8000 	C:\WINDOWS\SYSTEM32\CRYPTSP.dll
0x00007ffe85340000 - 0x00007ffe85374000 	C:\WINDOWS\system32\rsaenh.dll
0x00007ffe86be0000 - 0x00007ffe86c07000 	C:\WINDOWS\System32\bcrypt.dll
0x00007ffe861e0000 - 0x00007ffe8620e000 	C:\WINDOWS\SYSTEM32\USERENV.dll
0x00007ffe85bd0000 - 0x00007ffe85bdc000 	C:\WINDOWS\SYSTEM32\CRYPTBASE.dll
0x00007ffe856b0000 - 0x00007ffe856eb000 	C:\WINDOWS\SYSTEM32\IPHLPAPI.DLL
0x00007ffe884d0000 - 0x00007ffe884d8000 	C:\WINDOWS\System32\NSI.dll
0x00007ffe7d750000 - 0x00007ffe7d767000 	C:\WINDOWS\SYSTEM32\dhcpcsvc6.DLL
0x00007ffe7d800000 - 0x00007ffe7d81d000 	C:\WINDOWS\SYSTEM32\dhcpcsvc.DLL
0x00007ffe856f0000 - 0x00007ffe857bb000 	C:\WINDOWS\SYSTEM32\DNSAPI.dll
0x00007ffe83760000 - 0x00007ffe837f0000 	C:\WINDOWS\system32\apphelp.dll
0x00007ffe75750000 - 0x00007ffe7576e000 	C:\Users\user\AppData\Local\Temp\native-platform7540642067772878817dir\native-platform.dll
0x00007ffe7fe50000 - 0x00007ffe7fe58000 	C:\Program Files\Android\Android Studio\jre\bin\rmi.dll
0x00007ffe6bc80000 - 0x00007ffe6bca7000 	C:\Program Files\Android\Android Studio\jre\bin\sunec.dll

dbghelp: loaded successfully - version: 4.0.5 - missing functions: none
symbol engine: initialized successfully - sym options: 0x614 - pdb path: .;C:\Program Files\Android\Android Studio\jre\bin;C:\WINDOWS\SYSTEM32;C:\WINDOWS\WinSxS\amd64_microsoft.windows.common-controls_6595b64144ccf1df_6.0.19041.1110_none_60b5254171f9507e;C:\Program Files\Android\Android Studio\jre\bin\server;C:\Users\user\.gradle\native\8bec1ad78214c89d9ad589b4d07fe93259594b29d510b10fafb7a158f7737e5d\windows-amd64;C:\Users\user\.gradle\native\53dbd7edfb1c66fb8903c78663c9afc45aea4f116125fa6feffd364cf09443e8\windows-amd64;C:\Users\user\AppData\Local\Temp\native-platform7540642067772878817dir

VM Arguments:
jvm_args: --add-opens=java.base/java.util=ALL-UNNAMED --add-opens=java.base/java.lang=ALL-UNNAMED --add-opens=java.base/java.lang.invoke=ALL-UNNAMED --add-opens=java.base/java.util=ALL-UNNAMED --add-opens=java.prefs/java.util.prefs=ALL-UNNAMED --add-opens=java.prefs/java.util.prefs=ALL-UNNAMED --add-opens=java.base/java.nio.charset=ALL-UNNAMED --add-opens=java.base/java.net=ALL-UNNAMED --add-opens=java.base/java.util.concurrent.atomic=ALL-UNNAMED -Xmx2048m -Dfile.encoding=UTF-8 -Duser.country=US -Duser.language=en -Duser.variant 
java_command: org.gradle.launcher.daemon.bootstrap.GradleDaemon 7.0.2
java_class_path (initial): C:\Users\user\.gradle\wrapper\dists\gradle-7.0.2-bin\857tjihv64xamwrf0h14cai3r\gradle-7.0.2\lib\gradle-launcher-7.0.2.jar
Launcher Type: SUN_STANDARD

[Global flags]
     intx CICompilerCount                          = 4                                         {product} {ergonomic}
     uint ConcGCThreads                            = 2                                         {product} {ergonomic}
     uint G1ConcRefinementThreads                  = 8                                         {product} {ergonomic}
   size_t G1HeapRegionSize                         = 1048576                                   {product} {ergonomic}
    uintx GCDrainStackTargetSize                   = 64                                        {product} {ergonomic}
   size_t InitialHeapSize                          = 134217728                                 {product} {ergonomic}
   size_t MarkStackSize                            = 4194304                                   {product} {ergonomic}
   size_t MaxHeapSize                              = 2147483648                                {product} {command line}
   size_t MaxNewSize                               = 1287651328                                {product} {ergonomic}
   size_t MinHeapDeltaBytes                        = 1048576                                   {product} {ergonomic}
    uintx NonNMethodCodeHeapSize                   = 5836300                                {pd product} {ergonomic}
    uintx NonProfiledCodeHeapSize                  = 122910970                              {pd product} {ergonomic}
    uintx ProfiledCodeHeapSize                     = 122910970                              {pd product} {ergonomic}
    uintx ReservedCodeCacheSize                    = 251658240                              {pd product} {ergonomic}
     bool SegmentedCodeCache                       = true                                      {product} {ergonomic}
     bool UseCompressedClassPointers               = true                                 {lp64_product} {ergonomic}
     bool UseCompressedOops                        = true                                 {lp64_product} {ergonomic}
     bool UseG1GC                                  = true                                      {product} {ergonomic}
     bool UseLargePagesIndividualAllocation        = false                                  {pd product} {ergonomic}

Logging:
Log output configuration:
 #0: stdout all=warning uptime,level,tags
 #1: stderr all=off uptime,level,tags

Environment Variables:
PATH=C:\Program Files (x86)\Common Files\Oracle\Java\javapath;C:\Program Files\AdoptOpenJDK\jdk-11.0.10.9-hotspot\bin;C:\WINDOWS\system32;C:\WINDOWS;C:\WINDOWS\System32\Wbem;C:\WINDOWS\System32\WindowsPowerShell\v1.0\;C:\WINDOWS\System32\OpenSSH\;C:\xampp\php;C:\Program Files\dotnet\;C:\Program Files\Git\cmd;C:\Program Files\nodejs\;C:\Program Files\PuTTY\;C:\Users\user\AppData\Local\Microsoft\WindowsApps;C:\Users\user\AppData\Local\Programs\Microsoft VS Code\bin;C:\Users\user\.dotnet\tools;C:\Users\user\AppData\Roaming\npm;C:\Users\user\Downloads\platform-tools_r31.0.3-windows (1)\platform-tools
USERNAME=user
OS=Windows_NT
PROCESSOR_IDENTIFIER=Intel64 Family 6 Model 142 Stepping 10, GenuineIntel



---------------  S Y S T E M  ---------------

OS: Windows 10 , 64 bit Build 19041 (10.0.19041.1466)
OS uptime: 1 days 21:13 hours

CPU:total 8 (initial active 8) (4 cores per cpu, 2 threads per core) family 6 model 142 stepping 10 microcode 0xe0, cmov, cx8, fxsr, mmx, sse, sse2, sse3, ssse3, sse4.1, sse4.2, popcnt, avx, avx2, aes, clmul, erms, 3dnowpref, lzcnt, ht, tsc, tscinvbit, bmi1, bmi2, adx, fma

Memory: 4k page, system-wide physical 8092M (294M free)
TotalPageFile size 32668M (AvailPageFile size 219M)
current process WorkingSet (physical memory assigned to process): 403M, peak: 736M
current process commit charge ("private bytes"): 828M, peak: 1462M

vm_info: OpenJDK 64-Bit Server VM (11.0.10+0-b96-7249189) for windows-amd64 JRE (11.0.10+0-b96-7249189), built on Mar 31 2021 21:44:00 by "builder" with MS VC++ 14.0 (VS2015)

END.
